#
# There is insufficient memory for the Java Runtime Environment to continue.
# Native memory allocation (malloc) failed to allocate 2080976 bytes for Chunk::new
# Possible reasons:
#   The system is out of physical RAM or swap space
#   The process is running with CompressedOops enabled, and the Java Heap may be blocking the growth of the native heap
# Possible solutions:
#   Reduce memory load on the system
#   Increase physical memory or swap space
#   Check if swap backing store is full
#   Decrease Java heap size (-Xmx/-Xms)
#   Decrease number of Java threads
#   Decrease Java thread stack sizes (-Xss)
#   Set larger code cache with -XX:ReservedCodeCacheSize=
#   JVM is running with Unscaled Compressed Oops mode in which the Java heap is
#     placed in the first 4GB address space. The Java Heap base address is the
#     maximum limit for the native heap growth. Please use -XX:HeapBaseMinAddress
#     to set the Java Heap base and to place the Java Heap above 4GB virtual address.
# This output file may be truncated or incomplete.
#
#  Out of Memory Error (./src/hotspot/share/memory/arena.cpp:197), pid=11228, tid=13248
#
# JRE version: OpenJDK Runtime Environment (11.0.10) (build 11.0.10+0-b96-7249189)
# Java VM: OpenJDK 64-Bit Server VM (11.0.10+0-b96-7249189, mixed mode, tiered, compressed oops, g1 gc, windows-amd64)
# No core dump will be written. Minidumps are not enabled by default on client versions of Windows
#

---------------  S U M M A R Y ------------

Command Line: --add-opens=java.base/java.util=ALL-UNNAMED --add-opens=java.base/java.lang=ALL-UNNAMED --add-opens=java.base/java.lang.invoke=ALL-UNNAMED --add-opens=java.base/java.util=ALL-UNNAMED --add-opens=java.prefs/java.util.prefs=ALL-UNNAMED --add-opens=java.prefs/java.util.prefs=ALL-UNNAMED --add-opens=java.base/java.nio.charset=ALL-UNNAMED --add-opens=java.base/java.net=ALL-UNNAMED --add-opens=java.base/java.util.concurrent.atomic=ALL-UNNAMED -Xmx1536m -Dfile.encoding=windows-1252 -Duser.country=US -Duser.language=en -Duser.variant org.gradle.launcher.daemon.bootstrap.GradleDaemon 7.0.2

Host: Intel(R) Core(TM) m3-8100Y CPU @ 1.10GHz, 4 cores, 7G,  Windows 10 , 64 bit Build 19041 (10.0.19041.1023)
Time: Tue Feb  1 16:35:32 2022 Pacific Standard Time elapsed time: 165.752279 seconds (0d 0h 2m 45s)

---------------  T H R E A D  ---------------

Current thread (0x000001d72357f800):  JavaThread "C2 CompilerThread1" daemon [_thread_in_native, id=13248, stack(0x000000b32aa00000,0x000000b32ab00000)]


Current CompileTask:
C2: 165752 19204 %     4       com.android.tools.r8.ir.regalloc.a::a @ 1262 (1824 bytes)

Stack: [0x000000b32aa00000,0x000000b32ab00000]
Native frames: (J=compiled Java code, j=interpreted, Vv=VM code, C=native code)
V  [jvm.dll+0x5ecfaa]
V  [jvm.dll+0x722bd5]
V  [jvm.dll+0x72412d]
V  [jvm.dll+0x7247e3]
V  [jvm.dll+0x242928]
V  [jvm.dll+0xbc4fc]
V  [jvm.dll+0xbca0c]
V  [jvm.dll+0x2b4fd4]
V  [jvm.dll+0x506028]
V  [jvm.dll+0x203253]
V  [jvm.dll+0x1fd07c]
V  [jvm.dll+0x1fa77f]
V  [jvm.dll+0x18354c]
V  [jvm.dll+0x208ee7]
V  [jvm.dll+0x207731]
V  [jvm.dll+0x6eb1cf]
V  [jvm.dll+0x6e3d45]
V  [jvm.dll+0x5ebe96]
C  [ucrtbase.dll+0x21bb2]
C  [KERNEL32.DLL+0x17034]
C  [ntdll.dll+0x52651]


---------------  P R O C E S S  ---------------

Threads class SMR info:
_java_thread_list=0x000001d71d70f660, length=52, elements={
0x000001d77ca3c800, 0x000001d718f88000, 0x000001d718f89800, 0x000001d718fa9000,
0x000001d718faa000, 0x000001d718fab800, 0x000001d718fae800, 0x000001d718fb1800,
0x000001d718fdd800, 0x000001d719a77000, 0x000001d71bf2c800, 0x000001d719d2b800,
0x000001d71c4b9000, 0x000001d71b986800, 0x000001d71cd3d800, 0x000001d71bc05800,
0x000001d71c5f5000, 0x000001d71b756000, 0x000001d71beee800, 0x000001d71bef1800,
0x000001d71beef000, 0x000001d71beec800, 0x000001d71bef0000, 0x000001d71beec000,
0x000001d71bef0800, 0x000001d71bef2800, 0x000001d71bd1b000, 0x000001d71bd1d800,
0x000001d71bd1c800, 0x000001d71bd1b800, 0x000001d71bd1e000, 0x000001d71bd18800,
0x000001d71bd1f800, 0x000001d71bd1a000, 0x000001d71bd20800, 0x000001d71bd23000,
0x000001d71bd24800, 0x000001d71bd26800, 0x000001d71bd24000, 0x000001d71bd25800,
0x000001d71bd21800, 0x000001d71f24c000, 0x000001d71f252800, 0x000001d71f250000,
0x000001d71f251000, 0x000001d71f24d000, 0x000001d71f254000, 0x000001d71f259000,
0x000001d71f255000, 0x000001d71f256000, 0x000001d71f25a000, 0x000001d72357f800
}

Java Threads: ( => current thread )
  0x000001d77ca3c800 JavaThread "main" [_thread_blocked, id=10608, stack(0x000000b32ab00000,0x000000b32ac00000)]
  0x000001d718f88000 JavaThread "Reference Handler" daemon [_thread_blocked, id=8728, stack(0x000000b32b200000,0x000000b32b300000)]
  0x000001d718f89800 JavaThread "Finalizer" daemon [_thread_blocked, id=252, stack(0x000000b32b300000,0x000000b32b400000)]
  0x000001d718fa9000 JavaThread "Signal Dispatcher" daemon [_thread_blocked, id=11972, stack(0x000000b32b400000,0x000000b32b500000)]
  0x000001d718faa000 JavaThread "Attach Listener" daemon [_thread_blocked, id=12444, stack(0x000000b32b500000,0x000000b32b600000)]
  0x000001d718fab800 JavaThread "Service Thread" daemon [_thread_blocked, id=6236, stack(0x000000b32b600000,0x000000b32b700000)]
  0x000001d718fae800 JavaThread "C2 CompilerThread0" daemon [_thread_in_native, id=1920, stack(0x000000b32b700000,0x000000b32b800000)]
  0x000001d718fb1800 JavaThread "C1 CompilerThread0" daemon [_thread_blocked, id=11512, stack(0x000000b32b800000,0x000000b32b900000)]
  0x000001d718fdd800 JavaThread "Sweeper thread" daemon [_thread_blocked, id=10564, stack(0x000000b32b900000,0x000000b32ba00000)]
  0x000001d719a77000 JavaThread "Common-Cleaner" daemon [_thread_blocked, id=14056, stack(0x000000b32ba00000,0x000000b32bb00000)]
  0x000001d71bf2c800 JavaThread "Daemon health stats" [_thread_blocked, id=14016, stack(0x000000b32c000000,0x000000b32c100000)]
  0x000001d719d2b800 JavaThread "Incoming local TCP Connector on port 50208" [_thread_in_native, id=5848, stack(0x000000b32bd00000,0x000000b32be00000)]
  0x000001d71c4b9000 JavaThread "Daemon periodic checks" [_thread_blocked, id=10492, stack(0x000000b32c100000,0x000000b32c200000)]
  0x000001d71b986800 JavaThread "Daemon" [_thread_blocked, id=2400, stack(0x000000b32c200000,0x000000b32c300000)]
  0x000001d71cd3d800 JavaThread "Handler for socket connection from /127.0.0.1:50208 to /127.0.0.1:50209" [_thread_in_native, id=12744, stack(0x000000b32c300000,0x000000b32c400000)]
  0x000001d71bc05800 JavaThread "Cancel handler" [_thread_blocked, id=1092, stack(0x000000b32c400000,0x000000b32c500000)]
  0x000001d71c5f5000 JavaThread "Daemon worker" [_thread_in_Java, id=6448, stack(0x000000b32c500000,0x000000b32c600000)]
  0x000001d71b756000 JavaThread "Asynchronous log dispatcher for DefaultDaemonConnection: socket connection from /127.0.0.1:50208 to /127.0.0.1:50209" [_thread_blocked, id=6708, stack(0x000000b32c600000,0x000000b32c700000)]
  0x000001d71beee800 JavaThread "Daemon client event forwarder" [_thread_blocked, id=1064, stack(0x000000b32c800000,0x000000b32c900000)]
  0x000001d71bef1800 JavaThread "Cache worker for file hash cache (C:\Users\4022724\.gradle\caches\7.0.2\fileHashes)" [_thread_blocked, id=7192, stack(0x000000b32c900000,0x000000b32ca00000)]
  0x000001d71beef000 JavaThread "File lock request listener" [_thread_in_native, id=12968, stack(0x000000b32ca00000,0x000000b32cb00000)]
  0x000001d71beec800 JavaThread "Cache worker for journal cache (C:\Users\4022724\.gradle\caches\journal-1)" [_thread_blocked, id=3936, stack(0x000000b32cc00000,0x000000b32cd00000)]
  0x000001d71bef0000 JavaThread "Cache worker for file hash cache (H:\My Pictures\2020Scouting\.gradle\7.0.2\fileHashes)" [_thread_blocked, id=9900, stack(0x000000b32cd00000,0x000000b32ce00000)]
  0x000001d71beec000 JavaThread "File watcher server" daemon [_thread_in_native, id=12192, stack(0x000000b32ce00000,0x000000b32cf00000)]
  0x000001d71bef0800 JavaThread "File watcher consumer" daemon [_thread_blocked, id=1040, stack(0x000000b32cf00000,0x000000b32d000000)]
  0x000001d71bef2800 JavaThread "Cache worker for checksums cache (H:\My Pictures\2020Scouting\.gradle\checksums)" [_thread_blocked, id=13268, stack(0x000000b32d000000,0x000000b32d100000)]
  0x000001d71bd1b000 JavaThread "Cache worker for cache directory md-supplier (C:\Users\4022724\.gradle\caches\7.0.2\md-supplier)" [_thread_blocked, id=9184, stack(0x000000b32d100000,0x000000b32d200000)]
  0x000001d71bd1d800 JavaThread "Cache worker for cache directory md-rule (C:\Users\4022724\.gradle\caches\7.0.2\md-rule)" [_thread_blocked, id=3972, stack(0x000000b32d300000,0x000000b32d400000)]
  0x000001d71bd1c800 JavaThread "Cache worker for execution history cache (C:\Users\4022724\.gradle\caches\7.0.2\executionHistory)" [_thread_blocked, id=13880, stack(0x000000b32d400000,0x000000b32d500000)]
  0x000001d71bd1b800 JavaThread "jar transforms" [_thread_blocked, id=5476, stack(0x000000b32d500000,0x000000b32d600000)]
  0x000001d71bd1e000 JavaThread "jar transforms Thread 2" [_thread_blocked, id=9628, stack(0x000000b32d600000,0x000000b32d700000)]
  0x000001d71bd18800 JavaThread "Cache worker for file content cache (C:\Users\4022724\.gradle\caches\7.0.2\fileContent)" [_thread_blocked, id=4020, stack(0x000000b32d700000,0x000000b32d800000)]
  0x000001d71bd1f800 JavaThread "Cache worker for dependencies-accessors (H:\My Pictures\2020Scouting\.gradle\7.0.2\dependencies-accessors)" [_thread_blocked, id=7372, stack(0x000000b32d800000,0x000000b32d900000)]
  0x000001d71bd1a000 JavaThread "jar transforms Thread 3" [_thread_blocked, id=928, stack(0x000000b32d900000,0x000000b32da00000)]
  0x000001d71bd20800 JavaThread "Cache worker for Build Output Cleanup Cache (H:\My Pictures\2020Scouting\.gradle\buildOutputCleanup)" [_thread_blocked, id=3660, stack(0x000000b32da00000,0x000000b32db00000)]
  0x000001d71bd23000 JavaThread "Build operations" [_thread_in_Java, id=11788, stack(0x000000b32d200000,0x000000b32d300000)]
  0x000001d71bd24800 JavaThread "Build operations Thread 2" [_thread_in_native, id=4120, stack(0x000000b32db00000,0x000000b32dc00000)]
  0x000001d71bd26800 JavaThread "Build operations Thread 3" [_thread_in_Java, id=11460, stack(0x000000b32dc00000,0x000000b32dd00000)]
  0x000001d71bd24000 JavaThread "Build operations Thread 4" [_thread_blocked, id=10728, stack(0x000000b32dd00000,0x000000b32de00000)]
  0x000001d71bd25800 JavaThread "jar transforms Thread 4" [_thread_blocked, id=9284, stack(0x000000b32df00000,0x000000b32e000000)]
  0x000001d71bd21800 JavaThread "Memory manager" [_thread_blocked, id=3248, stack(0x000000b32e000000,0x000000b32e100000)]
  0x000001d71f24c000 JavaThread "build event listener" [_thread_blocked, id=7708, stack(0x000000b32e100000,0x000000b32e200000)]
  0x000001d71f252800 JavaThread "Execution worker for ':'" [_thread_blocked, id=13392, stack(0x000000b32e200000,0x000000b32e300000)]
  0x000001d71f250000 JavaThread "Execution worker for ':' Thread 2" [_thread_blocked, id=996, stack(0x000000b32e300000,0x000000b32e400000)]
  0x000001d71f251000 JavaThread "Execution worker for ':' Thread 3" [_thread_blocked, id=10160, stack(0x000000b32e400000,0x000000b32e500000)]
  0x000001d71f24d000 JavaThread "Cache worker for execution history cache (H:\My Pictures\2020Scouting\.gradle\7.0.2\executionHistory)" [_thread_blocked, id=13080, stack(0x000000b32e500000,0x000000b32e600000)]
  0x000001d71f254000 JavaThread "WorkerExecutor Queue" [_thread_blocked, id=6544, stack(0x000000b32de00000,0x000000b32df00000)]
  0x000001d71f259000 JavaThread "WorkerExecutor Queue Thread 2" [_thread_blocked, id=2132, stack(0x000000b32e900000,0x000000b32ea00000)]
  0x000001d71f255000 JavaThread "WorkerExecutor Queue Thread 3" [_thread_blocked, id=13836, stack(0x000000b32a900000,0x000000b32aa00000)]
  0x000001d71f256000 JavaThread "WorkerExecutor Queue Thread 4" [_thread_blocked, id=8224, stack(0x000000b32c700000,0x000000b32c800000)]
  0x000001d71f25a000 JavaThread "Java2D Disposer" daemon [_thread_blocked, id=1608, stack(0x000000b32ea00000,0x000000b32eb00000)]
=>0x000001d72357f800 JavaThread "C2 CompilerThread1" daemon [_thread_in_native, id=13248, stack(0x000000b32aa00000,0x000000b32ab00000)]

Other Threads:
  0x000001d718f63000 VMThread "VM Thread" [stack: 0x000000b32b100000,0x000000b32b200000] [id=2252]
  0x000001d719aab800 WatcherThread [stack: 0x000000b32bb00000,0x000000b32bc00000] [id=2844]
  0x000001d77ca76000 GCTaskThread "GC Thread#0" [stack: 0x000000b32ac00000,0x000000b32ad00000] [id=11524]
  0x000001d71a2ac800 GCTaskThread "GC Thread#1" [stack: 0x000000b32be00000,0x000000b32bf00000] [id=4596]
  0x000001d71a1e9800 GCTaskThread "GC Thread#2" [stack: 0x000000b32bf00000,0x000000b32c000000] [id=4768]
  0x000001d71c4b8800 GCTaskThread "GC Thread#3" [stack: 0x000000b32cb00000,0x000000b32cc00000] [id=13528]
  0x000001d77ca9b800 ConcurrentGCThread "G1 Main Marker" [stack: 0x000000b32ad00000,0x000000b32ae00000] [id=8696]
  0x000001d77ca9d000 ConcurrentGCThread "G1 Conc#0" [stack: 0x000000b32ae00000,0x000000b32af00000] [id=9864]
  0x000001d77cb2c000 ConcurrentGCThread "G1 Refine#0" [stack: 0x000000b32af00000,0x000000b32b000000] [id=2940]
  0x000001d77cb2d000 ConcurrentGCThread "G1 Young RemSet Sampling" [stack: 0x000000b32b000000,0x000000b32b100000] [id=468]

Threads with active compile tasks:
C2 CompilerThread0 165962 19867 %     4       com.android.tools.r8.internal.U6::a @ 3066 (4191 bytes)
C2 CompilerThread1 165962 19204 %     4       com.android.tools.r8.ir.regalloc.a::a @ 1262 (1824 bytes)

VM state:not at safepoint (normal execution)

VM Mutex/Monitor currently owned by a thread: None

Heap address: 0x00000000a0000000, size: 1536 MB, Compressed Oops mode: 32-bit
Narrow klass base: 0x0000000000000000, Narrow klass shift: 3
Compressed class space size: 1073741824 Address: 0x0000000100000000

Heap:
 garbage-first heap   total 273408K, used 143900K [0x00000000a0000000, 0x0000000100000000)
  region size 1024K, 29 young (29696K), 6 survivors (6144K)
 Metaspace       used 116155K, capacity 119159K, committed 119296K, reserved 1153024K
  class space    used 14425K, capacity 15516K, committed 15616K, reserved 1048576K
Heap Regions: E=young(eden), S=young(survivor), O=old, HS=humongous(starts), HC=humongous(continues), CS=collection set, F=free, A=archive, TAMS=top-at-mark-start (previous, next)
|   0|0x00000000a0000000, 0x00000000a0100000, 0x00000000a0100000|100%| O|  |TAMS 0x00000000a0100000, 0x00000000a0100000| Untracked 
|   1|0x00000000a0100000, 0x00000000a0200000, 0x00000000a0200000|100%| O|  |TAMS 0x00000000a0200000, 0x00000000a0200000| Untracked 
|   2|0x00000000a0200000, 0x00000000a0300000, 0x00000000a0300000|100%| O|  |TAMS 0x00000000a0300000, 0x00000000a0300000| Untracked 
|   3|0x00000000a0300000, 0x00000000a0400000, 0x00000000a0400000|100%|HS|  |TAMS 0x00000000a0400000, 0x00000000a0400000| Complete 
|   4|0x00000000a0400000, 0x00000000a0500000, 0x00000000a0500000|100%|HC|  |TAMS 0x00000000a0500000, 0x00000000a0500000| Complete 
|   5|0x00000000a0500000, 0x00000000a0600000, 0x00000000a0600000|100%|HC|  |TAMS 0x00000000a0600000, 0x00000000a0600000| Complete 
|   6|0x00000000a0600000, 0x00000000a0700000, 0x00000000a0700000|100%| O|  |TAMS 0x00000000a0700000, 0x00000000a0700000| Untracked 
|   7|0x00000000a0700000, 0x00000000a0800000, 0x00000000a0800000|100%| O|  |TAMS 0x00000000a0800000, 0x00000000a0800000| Untracked 
|   8|0x00000000a0800000, 0x00000000a0900000, 0x00000000a0900000|100%| O|  |TAMS 0x00000000a0900000, 0x00000000a0900000| Untracked 
|   9|0x00000000a0900000, 0x00000000a0a00000, 0x00000000a0a00000|100%| O|  |TAMS 0x00000000a0a00000, 0x00000000a0a00000| Untracked 
|  10|0x00000000a0a00000, 0x00000000a0b00000, 0x00000000a0b00000|100%| O|  |TAMS 0x00000000a0b00000, 0x00000000a0b00000| Untracked 
|  11|0x00000000a0b00000, 0x00000000a0c00000, 0x00000000a0c00000|100%| O|  |TAMS 0x00000000a0c00000, 0x00000000a0c00000| Untracked 
|  12|0x00000000a0c00000, 0x00000000a0d00000, 0x00000000a0d00000|100%| O|  |TAMS 0x00000000a0d00000, 0x00000000a0d00000| Untracked 
|  13|0x00000000a0d00000, 0x00000000a0e00000, 0x00000000a0e00000|100%| O|  |TAMS 0x00000000a0e00000, 0x00000000a0e00000| Untracked 
|  14|0x00000000a0e00000, 0x00000000a0f00000, 0x00000000a0f00000|100%| O|  |TAMS 0x00000000a0f00000, 0x00000000a0f00000| Untracked 
|  15|0x00000000a0f00000, 0x00000000a1000000, 0x00000000a1000000|100%| O|  |TAMS 0x00000000a1000000, 0x00000000a1000000| Untracked 
|  16|0x00000000a1000000, 0x00000000a1100000, 0x00000000a1100000|100%| O|  |TAMS 0x00000000a1100000, 0x00000000a1100000| Untracked 
|  17|0x00000000a1100000, 0x00000000a1200000, 0x00000000a1200000|100%| O|  |TAMS 0x00000000a1200000, 0x00000000a1200000| Untracked 
|  18|0x00000000a1200000, 0x00000000a1300000, 0x00000000a1300000|100%| O|  |TAMS 0x00000000a1300000, 0x00000000a1300000| Untracked 
|  19|0x00000000a1300000, 0x00000000a1400000, 0x00000000a1400000|100%| O|  |TAMS 0x00000000a1400000, 0x00000000a1400000| Untracked 
|  20|0x00000000a1400000, 0x00000000a1500000, 0x00000000a1500000|100%|HS|  |TAMS 0x00000000a1500000, 0x00000000a1500000| Complete 
|  21|0x00000000a1500000, 0x00000000a1600000, 0x00000000a1600000|100%| O|  |TAMS 0x00000000a1600000, 0x00000000a1600000| Untracked 
|  22|0x00000000a1600000, 0x00000000a1700000, 0x00000000a1700000|100%| O|  |TAMS 0x00000000a1700000, 0x00000000a1700000| Untracked 
|  23|0x00000000a1700000, 0x00000000a1800000, 0x00000000a1800000|100%|HS|  |TAMS 0x00000000a1800000, 0x00000000a1800000| Complete 
|  24|0x00000000a1800000, 0x00000000a1900000, 0x00000000a1900000|100%|HS|  |TAMS 0x00000000a1900000, 0x00000000a1900000| Complete 
|  25|0x00000000a1900000, 0x00000000a1a00000, 0x00000000a1a00000|100%|HC|  |TAMS 0x00000000a1a00000, 0x00000000a1a00000| Complete 
|  26|0x00000000a1a00000, 0x00000000a1b00000, 0x00000000a1b00000|100%| O|  |TAMS 0x00000000a1b00000, 0x00000000a1b00000| Untracked 
|  27|0x00000000a1b00000, 0x00000000a1c00000, 0x00000000a1c00000|100%| O|  |TAMS 0x00000000a1c00000, 0x00000000a1c00000| Untracked 
|  28|0x00000000a1c00000, 0x00000000a1d00000, 0x00000000a1d00000|100%| O|  |TAMS 0x00000000a1d00000, 0x00000000a1d00000| Untracked 
|  29|0x00000000a1d00000, 0x00000000a1e00000, 0x00000000a1e00000|100%| O|  |TAMS 0x00000000a1e00000, 0x00000000a1e00000| Untracked 
|  30|0x00000000a1e00000, 0x00000000a1f00000, 0x00000000a1f00000|100%| O|  |TAMS 0x00000000a1f00000, 0x00000000a1f00000| Untracked 
|  31|0x00000000a1f00000, 0x00000000a2000000, 0x00000000a2000000|100%| O|  |TAMS 0x00000000a2000000, 0x00000000a2000000| Untracked 
|  32|0x00000000a2000000, 0x00000000a2100000, 0x00000000a2100000|100%| O|  |TAMS 0x00000000a2100000, 0x00000000a2100000| Untracked 
|  33|0x00000000a2100000, 0x00000000a2200000, 0x00000000a2200000|100%| O|  |TAMS 0x00000000a2200000, 0x00000000a2200000| Untracked 
|  34|0x00000000a2200000, 0x00000000a2300000, 0x00000000a2300000|100%| O|  |TAMS 0x00000000a2300000, 0x00000000a2300000| Untracked 
|  35|0x00000000a2300000, 0x00000000a2400000, 0x00000000a2400000|100%| O|  |TAMS 0x00000000a2400000, 0x00000000a2400000| Untracked 
|  36|0x00000000a2400000, 0x00000000a2500000, 0x00000000a2500000|100%| O|  |TAMS 0x00000000a2500000, 0x00000000a2500000| Untracked 
|  37|0x00000000a2500000, 0x00000000a2600000, 0x00000000a2600000|100%| O|  |TAMS 0x00000000a2600000, 0x00000000a2600000| Untracked 
|  38|0x00000000a2600000, 0x00000000a2700000, 0x00000000a2700000|100%| O|  |TAMS 0x00000000a2700000, 0x00000000a2700000| Untracked 
|  39|0x00000000a2700000, 0x00000000a2800000, 0x00000000a2800000|100%| O|  |TAMS 0x00000000a2800000, 0x00000000a2800000| Untracked 
|  40|0x00000000a2800000, 0x00000000a2900000, 0x00000000a2900000|100%| O|  |TAMS 0x00000000a2900000, 0x00000000a2900000| Untracked 
|  41|0x00000000a2900000, 0x00000000a2a00000, 0x00000000a2a00000|100%| O|  |TAMS 0x00000000a2a00000, 0x00000000a2a00000| Untracked 
|  42|0x00000000a2a00000, 0x00000000a2b00000, 0x00000000a2b00000|100%| O|  |TAMS 0x00000000a2b00000, 0x00000000a2b00000| Untracked 
|  43|0x00000000a2b00000, 0x00000000a2c00000, 0x00000000a2c00000|100%| O|  |TAMS 0x00000000a2c00000, 0x00000000a2c00000| Untracked 
|  44|0x00000000a2c00000, 0x00000000a2d00000, 0x00000000a2d00000|100%| O|  |TAMS 0x00000000a2d00000, 0x00000000a2d00000| Untracked 
|  45|0x00000000a2d00000, 0x00000000a2e00000, 0x00000000a2e00000|100%| O|  |TAMS 0x00000000a2e00000, 0x00000000a2e00000| Untracked 
|  46|0x00000000a2e00000, 0x00000000a2f00000, 0x00000000a2f00000|100%| O|  |TAMS 0x00000000a2f00000, 0x00000000a2f00000| Untracked 
|  47|0x00000000a2f00000, 0x00000000a3000000, 0x00000000a3000000|100%| O|  |TAMS 0x00000000a3000000, 0x00000000a3000000| Untracked 
|  48|0x00000000a3000000, 0x00000000a3100000, 0x00000000a3100000|100%| O|  |TAMS 0x00000000a3100000, 0x00000000a3100000| Untracked 
|  49|0x00000000a3100000, 0x00000000a3200000, 0x00000000a3200000|100%| O|  |TAMS 0x00000000a3200000, 0x00000000a3200000| Untracked 
|  50|0x00000000a3200000, 0x00000000a3300000, 0x00000000a3300000|100%| O|  |TAMS 0x00000000a3300000, 0x00000000a3300000| Untracked 
|  51|0x00000000a3300000, 0x00000000a3400000, 0x00000000a3400000|100%| O|  |TAMS 0x00000000a3400000, 0x00000000a3400000| Untracked 
|  52|0x00000000a3400000, 0x00000000a3500000, 0x00000000a3500000|100%| O|  |TAMS 0x00000000a3500000, 0x00000000a3500000| Untracked 
|  53|0x00000000a3500000, 0x00000000a3600000, 0x00000000a3600000|100%| O|  |TAMS 0x00000000a3600000, 0x00000000a3600000| Untracked 
|  54|0x00000000a3600000, 0x00000000a3700000, 0x00000000a3700000|100%| O|  |TAMS 0x00000000a3700000, 0x00000000a3700000| Untracked 
|  55|0x00000000a3700000, 0x00000000a3800000, 0x00000000a3800000|100%| O|  |TAMS 0x00000000a3800000, 0x00000000a3800000| Untracked 
|  56|0x00000000a3800000, 0x00000000a3900000, 0x00000000a3900000|100%| O|  |TAMS 0x00000000a3900000, 0x00000000a3900000| Untracked 
|  57|0x00000000a3900000, 0x00000000a3a00000, 0x00000000a3a00000|100%| O|  |TAMS 0x00000000a3a00000, 0x00000000a3a00000| Untracked 
|  58|0x00000000a3a00000, 0x00000000a3b00000, 0x00000000a3b00000|100%| O|  |TAMS 0x00000000a3b00000, 0x00000000a3b00000| Untracked 
|  59|0x00000000a3b00000, 0x00000000a3c00000, 0x00000000a3c00000|100%| O|  |TAMS 0x00000000a3c00000, 0x00000000a3c00000| Untracked 
|  60|0x00000000a3c00000, 0x00000000a3d00000, 0x00000000a3d00000|100%| O|  |TAMS 0x00000000a3c00000, 0x00000000a3d00000| Untracked 
|  61|0x00000000a3d00000, 0x00000000a3d00000, 0x00000000a3e00000|  0%| F|  |TAMS 0x00000000a3d00000, 0x00000000a3d00000| Untracked 
|  62|0x00000000a3e00000, 0x00000000a3f00000, 0x00000000a3f00000|100%| O|  |TAMS 0x00000000a3f00000, 0x00000000a3f00000| Untracked 
|  63|0x00000000a3f00000, 0x00000000a4000000, 0x00000000a4000000|100%| O|  |TAMS 0x00000000a4000000, 0x00000000a4000000| Untracked 
|  64|0x00000000a4000000, 0x00000000a4100000, 0x00000000a4100000|100%| O|  |TAMS 0x00000000a4100000, 0x00000000a4100000| Untracked 
|  65|0x00000000a4100000, 0x00000000a4200000, 0x00000000a4200000|100%| O|  |TAMS 0x00000000a4100000, 0x00000000a4200000| Untracked 
|  66|0x00000000a4200000, 0x00000000a4300000, 0x00000000a4300000|100%| O|  |TAMS 0x00000000a4300000, 0x00000000a4300000| Untracked 
|  67|0x00000000a4300000, 0x00000000a4400000, 0x00000000a4400000|100%| O|  |TAMS 0x00000000a4400000, 0x00000000a4400000| Untracked 
|  68|0x00000000a4400000, 0x00000000a4500000, 0x00000000a4500000|100%| O|  |TAMS 0x00000000a4500000, 0x00000000a4500000| Untracked 
|  69|0x00000000a4500000, 0x00000000a4600000, 0x00000000a4600000|100%| O|  |TAMS 0x00000000a4600000, 0x00000000a4600000| Untracked 
|  70|0x00000000a4600000, 0x00000000a4700000, 0x00000000a4700000|100%| O|  |TAMS 0x00000000a4600000, 0x00000000a4700000| Untracked 
|  71|0x00000000a4700000, 0x00000000a4800000, 0x00000000a4800000|100%| O|  |TAMS 0x00000000a4800000, 0x00000000a4800000| Untracked 
|  72|0x00000000a4800000, 0x00000000a4900000, 0x00000000a4900000|100%| O|  |TAMS 0x00000000a4900000, 0x00000000a4900000| Untracked 
|  73|0x00000000a4900000, 0x00000000a4a00000, 0x00000000a4a00000|100%| O|  |TAMS 0x00000000a4a00000, 0x00000000a4a00000| Untracked 
|  74|0x00000000a4a00000, 0x00000000a4b00000, 0x00000000a4b00000|100%| O|  |TAMS 0x00000000a4b00000, 0x00000000a4b00000| Untracked 
|  75|0x00000000a4b00000, 0x00000000a4c00000, 0x00000000a4c00000|100%| O|  |TAMS 0x00000000a4c00000, 0x00000000a4c00000| Untracked 
|  76|0x00000000a4c00000, 0x00000000a4d00000, 0x00000000a4d00000|100%| O|  |TAMS 0x00000000a4d00000, 0x00000000a4d00000| Untracked 
|  77|0x00000000a4d00000, 0x00000000a4e00000, 0x00000000a4e00000|100%| O|  |TAMS 0x00000000a4e00000, 0x00000000a4e00000| Untracked 
|  78|0x00000000a4e00000, 0x00000000a4f00000, 0x00000000a4f00000|100%| O|  |TAMS 0x00000000a4f00000, 0x00000000a4f00000| Untracked 
|  79|0x00000000a4f00000, 0x00000000a5000000, 0x00000000a5000000|100%| O|  |TAMS 0x00000000a5000000, 0x00000000a5000000| Untracked 
|  80|0x00000000a5000000, 0x00000000a5100000, 0x00000000a5100000|100%| O|  |TAMS 0x00000000a5100000, 0x00000000a5100000| Untracked 
|  81|0x00000000a5100000, 0x00000000a5200000, 0x00000000a5200000|100%| O|  |TAMS 0x00000000a5200000, 0x00000000a5200000| Untracked 
|  82|0x00000000a5200000, 0x00000000a5300000, 0x00000000a5300000|100%| O|  |TAMS 0x00000000a5300000, 0x00000000a5300000| Untracked 
|  83|0x00000000a5300000, 0x00000000a5400000, 0x00000000a5400000|100%| O|  |TAMS 0x00000000a5400000, 0x00000000a5400000| Untracked 
|  84|0x00000000a5400000, 0x00000000a5500000, 0x00000000a5500000|100%| O|  |TAMS 0x00000000a5500000, 0x00000000a5500000| Untracked 
|  85|0x00000000a5500000, 0x00000000a5600000, 0x00000000a5600000|100%| O|  |TAMS 0x00000000a5600000, 0x00000000a5600000| Untracked 
|  86|0x00000000a5600000, 0x00000000a5700000, 0x00000000a5700000|100%| O|  |TAMS 0x00000000a5700000, 0x00000000a5700000| Untracked 
|  87|0x00000000a5700000, 0x00000000a5800000, 0x00000000a5800000|100%| O|  |TAMS 0x00000000a5800000, 0x00000000a5800000| Untracked 
|  88|0x00000000a5800000, 0x00000000a5900000, 0x00000000a5900000|100%| O|  |TAMS 0x00000000a5900000, 0x00000000a5900000| Untracked 
|  89|0x00000000a5900000, 0x00000000a5a00000, 0x00000000a5a00000|100%| O|  |TAMS 0x00000000a5a00000, 0x00000000a5a00000| Untracked 
|  90|0x00000000a5a00000, 0x00000000a5b00000, 0x00000000a5b00000|100%| O|  |TAMS 0x00000000a5b00000, 0x00000000a5b00000| Untracked 
|  91|0x00000000a5b00000, 0x00000000a5c00000, 0x00000000a5c00000|100%| O|  |TAMS 0x00000000a5b00000, 0x00000000a5c00000| Untracked 
|  92|0x00000000a5c00000, 0x00000000a5d00000, 0x00000000a5d00000|100%| O|  |TAMS 0x00000000a5d00000, 0x00000000a5d00000| Untracked 
|  93|0x00000000a5d00000, 0x00000000a5e00000, 0x00000000a5e00000|100%| O|  |TAMS 0x00000000a5e00000, 0x00000000a5e00000| Untracked 
|  94|0x00000000a5e00000, 0x00000000a5f00000, 0x00000000a5f00000|100%| O|  |TAMS 0x00000000a5f00000, 0x00000000a5f00000| Untracked 
|  95|0x00000000a5f00000, 0x00000000a6000000, 0x00000000a6000000|100%| O|  |TAMS 0x00000000a6000000, 0x00000000a6000000| Untracked 
|  96|0x00000000a6000000, 0x00000000a6100000, 0x00000000a6100000|100%| O|  |TAMS 0x00000000a6100000, 0x00000000a6100000| Untracked 
|  97|0x00000000a6100000, 0x00000000a6200000, 0x00000000a6200000|100%| O|  |TAMS 0x00000000a6200000, 0x00000000a6200000| Untracked 
|  98|0x00000000a6200000, 0x00000000a6300000, 0x00000000a6300000|100%| O|  |TAMS 0x00000000a6300000, 0x00000000a6300000| Untracked 
|  99|0x00000000a6300000, 0x00000000a6400000, 0x00000000a6400000|100%| O|  |TAMS 0x00000000a6400000, 0x00000000a6400000| Untracked 
| 100|0x00000000a6400000, 0x00000000a6500000, 0x00000000a6500000|100%| O|  |TAMS 0x00000000a6500000, 0x00000000a6500000| Untracked 
| 101|0x00000000a6500000, 0x00000000a6600000, 0x00000000a6600000|100%| O|  |TAMS 0x00000000a6600000, 0x00000000a6600000| Untracked 
| 102|0x00000000a6600000, 0x00000000a6700000, 0x00000000a6700000|100%| O|  |TAMS 0x00000000a6695200, 0x00000000a6700000| Untracked 
| 103|0x00000000a6700000, 0x00000000a6800000, 0x00000000a6800000|100%| O|  |TAMS 0x00000000a6700000, 0x00000000a6800000| Untracked 
| 104|0x00000000a6800000, 0x00000000a6900000, 0x00000000a6900000|100%| O|  |TAMS 0x00000000a6800000, 0x00000000a6900000| Untracked 
| 105|0x00000000a6900000, 0x00000000a6a00000, 0x00000000a6a00000|100%| O|  |TAMS 0x00000000a6900000, 0x00000000a6a00000| Untracked 
| 106|0x00000000a6a00000, 0x00000000a6b00000, 0x00000000a6b00000|100%| O|  |TAMS 0x00000000a6a00000, 0x00000000a6b00000| Untracked 
| 107|0x00000000a6b00000, 0x00000000a6c00000, 0x00000000a6c00000|100%| O|  |TAMS 0x00000000a6b00000, 0x00000000a6c00000| Untracked 
| 108|0x00000000a6c00000, 0x00000000a6d00000, 0x00000000a6d00000|100%| O|  |TAMS 0x00000000a6c00000, 0x00000000a6d00000| Untracked 
| 109|0x00000000a6d00000, 0x00000000a6e00000, 0x00000000a6e00000|100%| O|  |TAMS 0x00000000a6d00000, 0x00000000a6e00000| Untracked 
| 110|0x00000000a6e00000, 0x00000000a6f00000, 0x00000000a6f00000|100%| O|  |TAMS 0x00000000a6e00000, 0x00000000a6f00000| Untracked 
| 111|0x00000000a6f00000, 0x00000000a7000000, 0x00000000a7000000|100%| O|  |TAMS 0x00000000a6f00000, 0x00000000a7000000| Untracked 
| 112|0x00000000a7000000, 0x00000000a7100000, 0x00000000a7100000|100%| O|  |TAMS 0x00000000a7000000, 0x00000000a7100000| Untracked 
| 113|0x00000000a7100000, 0x00000000a71d4000, 0x00000000a7200000| 82%| O|  |TAMS 0x00000000a7100000, 0x00000000a71d4000| Untracked 
| 114|0x00000000a7200000, 0x00000000a7200000, 0x00000000a7300000|  0%| F|  |TAMS 0x00000000a7200000, 0x00000000a7200000| Untracked 
| 115|0x00000000a7300000, 0x00000000a7300000, 0x00000000a7400000|  0%| F|  |TAMS 0x00000000a7300000, 0x00000000a7300000| Untracked 
| 116|0x00000000a7400000, 0x00000000a7400000, 0x00000000a7500000|  0%| F|  |TAMS 0x00000000a7400000, 0x00000000a7400000| Untracked 
| 117|0x00000000a7500000, 0x00000000a7500000, 0x00000000a7600000|  0%| F|  |TAMS 0x00000000a7500000, 0x00000000a7500000| Untracked 
| 118|0x00000000a7600000, 0x00000000a7600000, 0x00000000a7700000|  0%| F|  |TAMS 0x00000000a7600000, 0x00000000a7600000| Untracked 
| 119|0x00000000a7700000, 0x00000000a7700000, 0x00000000a7800000|  0%| F|  |TAMS 0x00000000a7700000, 0x00000000a7700000| Untracked 
| 120|0x00000000a7800000, 0x00000000a7800000, 0x00000000a7900000|  0%| F|  |TAMS 0x00000000a7800000, 0x00000000a7800000| Untracked 
| 121|0x00000000a7900000, 0x00000000a7900000, 0x00000000a7a00000|  0%| F|  |TAMS 0x00000000a7900000, 0x00000000a7900000| Untracked 
| 122|0x00000000a7a00000, 0x00000000a7a00000, 0x00000000a7b00000|  0%| F|  |TAMS 0x00000000a7a00000, 0x00000000a7a00000| Untracked 
| 123|0x00000000a7b00000, 0x00000000a7b00000, 0x00000000a7c00000|  0%| F|  |TAMS 0x00000000a7b00000, 0x00000000a7b00000| Untracked 
| 124|0x00000000a7c00000, 0x00000000a7c00000, 0x00000000a7d00000|  0%| F|  |TAMS 0x00000000a7c00000, 0x00000000a7c00000| Untracked 
| 125|0x00000000a7d00000, 0x00000000a7d00000, 0x00000000a7e00000|  0%| F|  |TAMS 0x00000000a7d00000, 0x00000000a7d00000| Untracked 
| 126|0x00000000a7e00000, 0x00000000a7e00000, 0x00000000a7f00000|  0%| F|  |TAMS 0x00000000a7e00000, 0x00000000a7e00000| Untracked 
| 127|0x00000000a7f00000, 0x00000000a7f00000, 0x00000000a8000000|  0%| F|  |TAMS 0x00000000a7f00000, 0x00000000a7f00000| Untracked 
| 128|0x00000000a8000000, 0x00000000a8000000, 0x00000000a8100000|  0%| F|  |TAMS 0x00000000a8000000, 0x00000000a8000000| Untracked 
| 129|0x00000000a8100000, 0x00000000a8100000, 0x00000000a8200000|  0%| F|  |TAMS 0x00000000a8100000, 0x00000000a8100000| Untracked 
| 130|0x00000000a8200000, 0x00000000a8200000, 0x00000000a8300000|  0%| F|  |TAMS 0x00000000a8200000, 0x00000000a8200000| Untracked 
| 131|0x00000000a8300000, 0x00000000a8300000, 0x00000000a8400000|  0%| F|  |TAMS 0x00000000a8300000, 0x00000000a8300000| Untracked 
| 132|0x00000000a8400000, 0x00000000a8400000, 0x00000000a8500000|  0%| F|  |TAMS 0x00000000a8400000, 0x00000000a8400000| Untracked 
| 133|0x00000000a8500000, 0x00000000a8500000, 0x00000000a8600000|  0%| F|  |TAMS 0x00000000a8500000, 0x00000000a8500000| Untracked 
| 134|0x00000000a8600000, 0x00000000a8600000, 0x00000000a8700000|  0%| F|  |TAMS 0x00000000a8600000, 0x00000000a8600000| Untracked 
| 135|0x00000000a8700000, 0x00000000a8700000, 0x00000000a8800000|  0%| F|  |TAMS 0x00000000a8700000, 0x00000000a8700000| Untracked 
| 136|0x00000000a8800000, 0x00000000a8800000, 0x00000000a8900000|  0%| F|  |TAMS 0x00000000a8800000, 0x00000000a8800000| Untracked 
| 137|0x00000000a8900000, 0x00000000a8900000, 0x00000000a8a00000|  0%| F|  |TAMS 0x00000000a8900000, 0x00000000a8900000| Untracked 
| 138|0x00000000a8a00000, 0x00000000a8a00000, 0x00000000a8b00000|  0%| F|  |TAMS 0x00000000a8a00000, 0x00000000a8a00000| Untracked 
| 139|0x00000000a8b00000, 0x00000000a8b00000, 0x00000000a8c00000|  0%| F|  |TAMS 0x00000000a8b00000, 0x00000000a8b00000| Untracked 
| 140|0x00000000a8c00000, 0x00000000a8c00000, 0x00000000a8d00000|  0%| F|  |TAMS 0x00000000a8c00000, 0x00000000a8c00000| Untracked 
| 141|0x00000000a8d00000, 0x00000000a8d00000, 0x00000000a8e00000|  0%| F|  |TAMS 0x00000000a8d00000, 0x00000000a8d00000| Untracked 
| 142|0x00000000a8e00000, 0x00000000a8e00000, 0x00000000a8f00000|  0%| F|  |TAMS 0x00000000a8e00000, 0x00000000a8e00000| Untracked 
| 143|0x00000000a8f00000, 0x00000000a8f00000, 0x00000000a9000000|  0%| F|  |TAMS 0x00000000a8f00000, 0x00000000a8f00000| Untracked 
| 144|0x00000000a9000000, 0x00000000a9000000, 0x00000000a9100000|  0%| F|  |TAMS 0x00000000a9000000, 0x00000000a9000000| Untracked 
| 145|0x00000000a9100000, 0x00000000a9100000, 0x00000000a9200000|  0%| F|  |TAMS 0x00000000a9100000, 0x00000000a9100000| Untracked 
| 146|0x00000000a9200000, 0x00000000a9200000, 0x00000000a9300000|  0%| F|  |TAMS 0x00000000a9200000, 0x00000000a9200000| Untracked 
| 147|0x00000000a9300000, 0x00000000a93b3080, 0x00000000a9400000| 69%| S|CS|TAMS 0x00000000a9300000, 0x00000000a9300000| Complete 
| 148|0x00000000a9400000, 0x00000000a9500000, 0x00000000a9500000|100%| S|CS|TAMS 0x00000000a9400000, 0x00000000a9400000| Complete 
| 149|0x00000000a9500000, 0x00000000a9600000, 0x00000000a9600000|100%| S|CS|TAMS 0x00000000a9500000, 0x00000000a9500000| Complete 
| 150|0x00000000a9600000, 0x00000000a9700000, 0x00000000a9700000|100%| S|CS|TAMS 0x00000000a9600000, 0x00000000a9600000| Complete 
| 151|0x00000000a9700000, 0x00000000a9800000, 0x00000000a9800000|100%| S|CS|TAMS 0x00000000a9700000, 0x00000000a9700000| Complete 
| 152|0x00000000a9800000, 0x00000000a9900000, 0x00000000a9900000|100%| S|CS|TAMS 0x00000000a9800000, 0x00000000a9800000| Complete 
| 153|0x00000000a9900000, 0x00000000a9900000, 0x00000000a9a00000|  0%| F|  |TAMS 0x00000000a9900000, 0x00000000a9900000| Untracked 
| 154|0x00000000a9a00000, 0x00000000a9a00000, 0x00000000a9b00000|  0%| F|  |TAMS 0x00000000a9a00000, 0x00000000a9a00000| Untracked 
| 155|0x00000000a9b00000, 0x00000000a9b00000, 0x00000000a9c00000|  0%| F|  |TAMS 0x00000000a9b00000, 0x00000000a9b00000| Untracked 
| 156|0x00000000a9c00000, 0x00000000a9c00000, 0x00000000a9d00000|  0%| F|  |TAMS 0x00000000a9c00000, 0x00000000a9c00000| Untracked 
| 157|0x00000000a9d00000, 0x00000000a9d00000, 0x00000000a9e00000|  0%| F|  |TAMS 0x00000000a9d00000, 0x00000000a9d00000| Untracked 
| 158|0x00000000a9e00000, 0x00000000a9e00000, 0x00000000a9f00000|  0%| F|  |TAMS 0x00000000a9e00000, 0x00000000a9e00000| Untracked 
| 159|0x00000000a9f00000, 0x00000000a9f00000, 0x00000000aa000000|  0%| F|  |TAMS 0x00000000a9f00000, 0x00000000a9f00000| Untracked 
| 160|0x00000000aa000000, 0x00000000aa000000, 0x00000000aa100000|  0%| F|  |TAMS 0x00000000aa000000, 0x00000000aa000000| Untracked 
| 161|0x00000000aa100000, 0x00000000aa100000, 0x00000000aa200000|  0%| F|  |TAMS 0x00000000aa100000, 0x00000000aa100000| Untracked 
| 162|0x00000000aa200000, 0x00000000aa200000, 0x00000000aa300000|  0%| F|  |TAMS 0x00000000aa200000, 0x00000000aa200000| Untracked 
| 163|0x00000000aa300000, 0x00000000aa300000, 0x00000000aa400000|  0%| F|  |TAMS 0x00000000aa300000, 0x00000000aa300000| Untracked 
| 164|0x00000000aa400000, 0x00000000aa400000, 0x00000000aa500000|  0%| F|  |TAMS 0x00000000aa400000, 0x00000000aa400000| Untracked 
| 165|0x00000000aa500000, 0x00000000aa500000, 0x00000000aa600000|  0%| F|  |TAMS 0x00000000aa500000, 0x00000000aa500000| Untracked 
| 166|0x00000000aa600000, 0x00000000aa600000, 0x00000000aa700000|  0%| F|  |TAMS 0x00000000aa600000, 0x00000000aa600000| Untracked 
| 167|0x00000000aa700000, 0x00000000aa700000, 0x00000000aa800000|  0%| F|  |TAMS 0x00000000aa700000, 0x00000000aa700000| Untracked 
| 168|0x00000000aa800000, 0x00000000aa800000, 0x00000000aa900000|  0%| F|  |TAMS 0x00000000aa800000, 0x00000000aa800000| Untracked 
| 169|0x00000000aa900000, 0x00000000aa900000, 0x00000000aaa00000|  0%| F|  |TAMS 0x00000000aa900000, 0x00000000aa900000| Untracked 
| 170|0x00000000aaa00000, 0x00000000aaa00000, 0x00000000aab00000|  0%| F|  |TAMS 0x00000000aaa00000, 0x00000000aaa00000| Untracked 
| 171|0x00000000aab00000, 0x00000000aab00000, 0x00000000aac00000|  0%| F|  |TAMS 0x00000000aab00000, 0x00000000aab00000| Untracked 
| 172|0x00000000aac00000, 0x00000000aac00000, 0x00000000aad00000|  0%| F|  |TAMS 0x00000000aac00000, 0x00000000aac00000| Untracked 
| 173|0x00000000aad00000, 0x00000000aad00000, 0x00000000aae00000|  0%| F|  |TAMS 0x00000000aad00000, 0x00000000aad00000| Untracked 
| 174|0x00000000aae00000, 0x00000000aae00000, 0x00000000aaf00000|  0%| F|  |TAMS 0x00000000aae00000, 0x00000000aae00000| Untracked 
| 175|0x00000000aaf00000, 0x00000000aaf00000, 0x00000000ab000000|  0%| F|  |TAMS 0x00000000aaf00000, 0x00000000aaf00000| Untracked 
| 176|0x00000000ab000000, 0x00000000ab000000, 0x00000000ab100000|  0%| F|  |TAMS 0x00000000ab000000, 0x00000000ab000000| Untracked 
| 177|0x00000000ab100000, 0x00000000ab100000, 0x00000000ab200000|  0%| F|  |TAMS 0x00000000ab100000, 0x00000000ab100000| Untracked 
| 178|0x00000000ab200000, 0x00000000ab200000, 0x00000000ab300000|  0%| F|  |TAMS 0x00000000ab200000, 0x00000000ab200000| Untracked 
| 179|0x00000000ab300000, 0x00000000ab300000, 0x00000000ab400000|  0%| F|  |TAMS 0x00000000ab300000, 0x00000000ab300000| Untracked 
| 180|0x00000000ab400000, 0x00000000ab400000, 0x00000000ab500000|  0%| F|  |TAMS 0x00000000ab400000, 0x00000000ab400000| Untracked 
| 181|0x00000000ab500000, 0x00000000ab500000, 0x00000000ab600000|  0%| F|  |TAMS 0x00000000ab500000, 0x00000000ab500000| Untracked 
| 182|0x00000000ab600000, 0x00000000ab600000, 0x00000000ab700000|  0%| F|  |TAMS 0x00000000ab600000, 0x00000000ab600000| Untracked 
| 183|0x00000000ab700000, 0x00000000ab700000, 0x00000000ab800000|  0%| F|  |TAMS 0x00000000ab700000, 0x00000000ab700000| Untracked 
| 184|0x00000000ab800000, 0x00000000ab800000, 0x00000000ab900000|  0%| F|  |TAMS 0x00000000ab800000, 0x00000000ab800000| Untracked 
| 185|0x00000000ab900000, 0x00000000ab900000, 0x00000000aba00000|  0%| F|  |TAMS 0x00000000ab900000, 0x00000000ab900000| Untracked 
| 186|0x00000000aba00000, 0x00000000aba00000, 0x00000000abb00000|  0%| F|  |TAMS 0x00000000aba00000, 0x00000000aba00000| Untracked 
| 187|0x00000000abb00000, 0x00000000abb00000, 0x00000000abc00000|  0%| F|  |TAMS 0x00000000abb00000, 0x00000000abb00000| Untracked 
| 188|0x00000000abc00000, 0x00000000abc00000, 0x00000000abd00000|  0%| F|  |TAMS 0x00000000abc00000, 0x00000000abc00000| Untracked 
| 189|0x00000000abd00000, 0x00000000abd00000, 0x00000000abe00000|  0%| F|  |TAMS 0x00000000abd00000, 0x00000000abd00000| Untracked 
| 190|0x00000000abe00000, 0x00000000abe00000, 0x00000000abf00000|  0%| F|  |TAMS 0x00000000abe00000, 0x00000000abe00000| Untracked 
| 191|0x00000000abf00000, 0x00000000abf00000, 0x00000000ac000000|  0%| F|  |TAMS 0x00000000abf00000, 0x00000000abf00000| Untracked 
| 192|0x00000000ac000000, 0x00000000ac000000, 0x00000000ac100000|  0%| F|  |TAMS 0x00000000ac000000, 0x00000000ac000000| Untracked 
| 193|0x00000000ac100000, 0x00000000ac100000, 0x00000000ac200000|  0%| F|  |TAMS 0x00000000ac100000, 0x00000000ac100000| Untracked 
| 194|0x00000000ac200000, 0x00000000ac200000, 0x00000000ac300000|  0%| F|  |TAMS 0x00000000ac200000, 0x00000000ac200000| Untracked 
| 195|0x00000000ac300000, 0x00000000ac300000, 0x00000000ac400000|  0%| F|  |TAMS 0x00000000ac300000, 0x00000000ac300000| Untracked 
| 196|0x00000000ac400000, 0x00000000ac400000, 0x00000000ac500000|  0%| F|  |TAMS 0x00000000ac400000, 0x00000000ac400000| Untracked 
| 197|0x00000000ac500000, 0x00000000ac500000, 0x00000000ac600000|  0%| F|  |TAMS 0x00000000ac500000, 0x00000000ac500000| Untracked 
| 198|0x00000000ac600000, 0x00000000ac600000, 0x00000000ac700000|  0%| F|  |TAMS 0x00000000ac600000, 0x00000000ac600000| Untracked 
| 199|0x00000000ac700000, 0x00000000ac700000, 0x00000000ac800000|  0%| F|  |TAMS 0x00000000ac700000, 0x00000000ac700000| Untracked 
| 200|0x00000000ac800000, 0x00000000ac800000, 0x00000000ac900000|  0%| F|  |TAMS 0x00000000ac800000, 0x00000000ac800000| Untracked 
| 201|0x00000000ac900000, 0x00000000ac900000, 0x00000000aca00000|  0%| F|  |TAMS 0x00000000ac900000, 0x00000000ac900000| Untracked 
| 202|0x00000000aca00000, 0x00000000aca00000, 0x00000000acb00000|  0%| F|  |TAMS 0x00000000aca00000, 0x00000000aca00000| Untracked 
| 203|0x00000000acb00000, 0x00000000acb00000, 0x00000000acc00000|  0%| F|  |TAMS 0x00000000acb00000, 0x00000000acb00000| Untracked 
| 204|0x00000000acc00000, 0x00000000acc00000, 0x00000000acd00000|  0%| F|  |TAMS 0x00000000acc00000, 0x00000000acc00000| Untracked 
| 205|0x00000000acd00000, 0x00000000acd00000, 0x00000000ace00000|  0%| F|  |TAMS 0x00000000acd00000, 0x00000000acd00000| Untracked 
| 206|0x00000000ace00000, 0x00000000ace00000, 0x00000000acf00000|  0%| F|  |TAMS 0x00000000ace00000, 0x00000000ace00000| Untracked 
| 207|0x00000000acf00000, 0x00000000acf00000, 0x00000000ad000000|  0%| F|  |TAMS 0x00000000acf00000, 0x00000000acf00000| Untracked 
| 208|0x00000000ad000000, 0x00000000ad000000, 0x00000000ad100000|  0%| F|  |TAMS 0x00000000ad000000, 0x00000000ad000000| Untracked 
| 209|0x00000000ad100000, 0x00000000ad100000, 0x00000000ad200000|  0%| F|  |TAMS 0x00000000ad100000, 0x00000000ad100000| Untracked 
| 210|0x00000000ad200000, 0x00000000ad200000, 0x00000000ad300000|  0%| F|  |TAMS 0x00000000ad200000, 0x00000000ad200000| Untracked 
| 211|0x00000000ad300000, 0x00000000ad300000, 0x00000000ad400000|  0%| F|  |TAMS 0x00000000ad300000, 0x00000000ad300000| Untracked 
| 212|0x00000000ad400000, 0x00000000ad400000, 0x00000000ad500000|  0%| F|  |TAMS 0x00000000ad400000, 0x00000000ad400000| Untracked 
| 213|0x00000000ad500000, 0x00000000ad500000, 0x00000000ad600000|  0%| F|  |TAMS 0x00000000ad500000, 0x00000000ad500000| Untracked 
| 214|0x00000000ad600000, 0x00000000ad600000, 0x00000000ad700000|  0%| F|  |TAMS 0x00000000ad600000, 0x00000000ad600000| Untracked 
| 215|0x00000000ad700000, 0x00000000ad700000, 0x00000000ad800000|  0%| F|  |TAMS 0x00000000ad700000, 0x00000000ad700000| Untracked 
| 216|0x00000000ad800000, 0x00000000ad800000, 0x00000000ad900000|  0%| F|  |TAMS 0x00000000ad800000, 0x00000000ad800000| Untracked 
| 217|0x00000000ad900000, 0x00000000ad900000, 0x00000000ada00000|  0%| F|  |TAMS 0x00000000ad900000, 0x00000000ad900000| Untracked 
| 218|0x00000000ada00000, 0x00000000ada00000, 0x00000000adb00000|  0%| F|  |TAMS 0x00000000ada00000, 0x00000000ada00000| Untracked 
| 219|0x00000000adb00000, 0x00000000adb00000, 0x00000000adc00000|  0%| F|  |TAMS 0x00000000adb00000, 0x00000000adb00000| Untracked 
| 220|0x00000000adc00000, 0x00000000adc00000, 0x00000000add00000|  0%| F|  |TAMS 0x00000000adc00000, 0x00000000adc00000| Untracked 
| 221|0x00000000add00000, 0x00000000add00000, 0x00000000ade00000|  0%| F|  |TAMS 0x00000000add00000, 0x00000000add00000| Untracked 
| 222|0x00000000ade00000, 0x00000000ade00000, 0x00000000adf00000|  0%| F|  |TAMS 0x00000000ade00000, 0x00000000ade00000| Untracked 
| 223|0x00000000adf00000, 0x00000000adf00000, 0x00000000ae000000|  0%| F|  |TAMS 0x00000000adf00000, 0x00000000adf00000| Untracked 
| 224|0x00000000ae000000, 0x00000000ae000000, 0x00000000ae100000|  0%| F|  |TAMS 0x00000000ae000000, 0x00000000ae000000| Untracked 
| 225|0x00000000ae100000, 0x00000000ae100000, 0x00000000ae200000|  0%| F|  |TAMS 0x00000000ae100000, 0x00000000ae100000| Untracked 
| 226|0x00000000ae200000, 0x00000000ae200000, 0x00000000ae300000|  0%| F|  |TAMS 0x00000000ae200000, 0x00000000ae200000| Untracked 
| 227|0x00000000ae300000, 0x00000000ae300000, 0x00000000ae400000|  0%| F|  |TAMS 0x00000000ae300000, 0x00000000ae300000| Untracked 
| 228|0x00000000ae400000, 0x00000000ae400000, 0x00000000ae500000|  0%| F|  |TAMS 0x00000000ae400000, 0x00000000ae400000| Untracked 
| 229|0x00000000ae500000, 0x00000000ae500000, 0x00000000ae600000|  0%| F|  |TAMS 0x00000000ae500000, 0x00000000ae500000| Untracked 
| 230|0x00000000ae600000, 0x00000000ae600000, 0x00000000ae700000|  0%| F|  |TAMS 0x00000000ae600000, 0x00000000ae600000| Untracked 
| 231|0x00000000ae700000, 0x00000000ae700000, 0x00000000ae800000|  0%| F|  |TAMS 0x00000000ae700000, 0x00000000ae700000| Untracked 
| 232|0x00000000ae800000, 0x00000000ae800000, 0x00000000ae900000|  0%| F|  |TAMS 0x00000000ae800000, 0x00000000ae800000| Untracked 
| 233|0x00000000ae900000, 0x00000000ae900000, 0x00000000aea00000|  0%| F|  |TAMS 0x00000000ae900000, 0x00000000ae900000| Untracked 
| 234|0x00000000aea00000, 0x00000000aea00000, 0x00000000aeb00000|  0%| F|  |TAMS 0x00000000aea00000, 0x00000000aea00000| Untracked 
| 235|0x00000000aeb00000, 0x00000000aeb00000, 0x00000000aec00000|  0%| F|  |TAMS 0x00000000aeb00000, 0x00000000aeb00000| Untracked 
| 236|0x00000000aec00000, 0x00000000aec00000, 0x00000000aed00000|  0%| F|  |TAMS 0x00000000aec00000, 0x00000000aec00000| Untracked 
| 237|0x00000000aed00000, 0x00000000aed00000, 0x00000000aee00000|  0%| F|  |TAMS 0x00000000aed00000, 0x00000000aed00000| Untracked 
| 238|0x00000000aee00000, 0x00000000aee00000, 0x00000000aef00000|  0%| F|  |TAMS 0x00000000aee00000, 0x00000000aee00000| Untracked 
| 239|0x00000000aef00000, 0x00000000aef00000, 0x00000000af000000|  0%| F|  |TAMS 0x00000000aef00000, 0x00000000aef00000| Untracked 
| 240|0x00000000af000000, 0x00000000af000000, 0x00000000af100000|  0%| F|  |TAMS 0x00000000af000000, 0x00000000af000000| Untracked 
| 241|0x00000000af100000, 0x00000000af100000, 0x00000000af200000|  0%| F|  |TAMS 0x00000000af100000, 0x00000000af100000| Untracked 
| 242|0x00000000af200000, 0x00000000af200000, 0x00000000af300000|  0%| F|  |TAMS 0x00000000af200000, 0x00000000af200000| Untracked 
| 243|0x00000000af300000, 0x00000000af300000, 0x00000000af400000|  0%| F|  |TAMS 0x00000000af300000, 0x00000000af300000| Untracked 
| 244|0x00000000af400000, 0x00000000af500000, 0x00000000af500000|100%| E|  |TAMS 0x00000000af400000, 0x00000000af400000| Complete 
| 245|0x00000000af500000, 0x00000000af600000, 0x00000000af600000|100%| E|CS|TAMS 0x00000000af500000, 0x00000000af500000| Complete 
| 246|0x00000000af600000, 0x00000000af700000, 0x00000000af700000|100%| E|CS|TAMS 0x00000000af600000, 0x00000000af600000| Complete 
| 247|0x00000000af700000, 0x00000000af800000, 0x00000000af800000|100%| E|CS|TAMS 0x00000000af700000, 0x00000000af700000| Complete 
| 248|0x00000000af800000, 0x00000000af900000, 0x00000000af900000|100%| E|CS|TAMS 0x00000000af800000, 0x00000000af800000| Complete 
| 249|0x00000000af900000, 0x00000000afa00000, 0x00000000afa00000|100%| E|CS|TAMS 0x00000000af900000, 0x00000000af900000| Complete 
| 250|0x00000000afa00000, 0x00000000afb00000, 0x00000000afb00000|100%| E|CS|TAMS 0x00000000afa00000, 0x00000000afa00000| Complete 
| 251|0x00000000afb00000, 0x00000000afc00000, 0x00000000afc00000|100%| E|CS|TAMS 0x00000000afb00000, 0x00000000afb00000| Complete 
| 252|0x00000000afc00000, 0x00000000afd00000, 0x00000000afd00000|100%| E|CS|TAMS 0x00000000afc00000, 0x00000000afc00000| Complete 
| 253|0x00000000afd00000, 0x00000000afe00000, 0x00000000afe00000|100%| E|CS|TAMS 0x00000000afd00000, 0x00000000afd00000| Complete 
| 254|0x00000000afe00000, 0x00000000aff00000, 0x00000000aff00000|100%| E|CS|TAMS 0x00000000afe00000, 0x00000000afe00000| Complete 
| 255|0x00000000aff00000, 0x00000000b0000000, 0x00000000b0000000|100%| E|CS|TAMS 0x00000000aff00000, 0x00000000aff00000| Complete 
| 256|0x00000000b0000000, 0x00000000b0100000, 0x00000000b0100000|100%| E|CS|TAMS 0x00000000b0000000, 0x00000000b0000000| Complete 
| 257|0x00000000b0100000, 0x00000000b0200000, 0x00000000b0200000|100%| E|CS|TAMS 0x00000000b0100000, 0x00000000b0100000| Complete 
| 258|0x00000000b0200000, 0x00000000b0300000, 0x00000000b0300000|100%| E|CS|TAMS 0x00000000b0200000, 0x00000000b0200000| Complete 
| 259|0x00000000b0300000, 0x00000000b0400000, 0x00000000b0400000|100%| E|CS|TAMS 0x00000000b0300000, 0x00000000b0300000| Complete 
| 260|0x00000000b0400000, 0x00000000b0500000, 0x00000000b0500000|100%| E|CS|TAMS 0x00000000b0400000, 0x00000000b0400000| Complete 
| 261|0x00000000b0500000, 0x00000000b0600000, 0x00000000b0600000|100%| E|CS|TAMS 0x00000000b0500000, 0x00000000b0500000| Complete 
| 262|0x00000000b0600000, 0x00000000b0700000, 0x00000000b0700000|100%| E|CS|TAMS 0x00000000b0600000, 0x00000000b0600000| Complete 
| 263|0x00000000b0700000, 0x00000000b0800000, 0x00000000b0800000|100%| E|CS|TAMS 0x00000000b0700000, 0x00000000b0700000| Complete 
| 264|0x00000000b0800000, 0x00000000b0900000, 0x00000000b0900000|100%| E|CS|TAMS 0x00000000b0800000, 0x00000000b0800000| Complete 
| 265|0x00000000b0900000, 0x00000000b0a00000, 0x00000000b0a00000|100%| E|CS|TAMS 0x00000000b0900000, 0x00000000b0900000| Complete 
| 266|0x00000000b0a00000, 0x00000000b0b00000, 0x00000000b0b00000|100%| E|CS|TAMS 0x00000000b0a00000, 0x00000000b0a00000| Complete 

Card table byte_map: [0x000001d713360000,0x000001d713660000] _byte_map_base: 0x000001d712e60000

Marking Bits (Prev, Next): (CMBitMap*) 0x000001d77ca94c28, (CMBitMap*) 0x000001d77ca94c60
 Prev Bits: [0x000001d713960000, 0x000001d715160000)
 Next Bits: [0x000001d715160000, 0x000001d716960000)

Polling page: 0x000001d700000000

Metaspace:

Usage:
  Non-class:    101.21 MB capacity,    99.35 MB ( 98%) used,     1.51 MB (  1%) free+waste,   368.44 KB ( <1%) overhead. 
      Class:     15.15 MB capacity,    14.09 MB ( 93%) used,   932.93 KB (  6%) free+waste,   158.06 KB (  1%) overhead. 
       Both:    116.37 MB capacity,   113.43 MB ( 97%) used,     2.42 MB (  2%) free+waste,   526.50 KB ( <1%) overhead. 

Virtual space:
  Non-class space:      102.00 MB reserved,     101.25 MB (>99%) committed 
      Class space:        1.00 GB reserved,      15.25 MB (  1%) committed 
             Both:        1.10 GB reserved,     116.50 MB ( 10%) committed 

Chunk freelists:
   Non-Class:  37.00 KB
       Class:  0 bytes
        Both:  37.00 KB

MaxMetaspaceSize: 17179869184.00 GB
CompressedClassSpaceSize: 1.00 GB

CodeHeap 'non-profiled nmethods': size=120064Kb used=12319Kb max_used=12319Kb free=107744Kb
 bounds [0x000001d70b4f0000, 0x000001d70c160000, 0x000001d712a30000]
CodeHeap 'profiled nmethods': size=120000Kb used=42095Kb max_used=42248Kb free=77905Kb
 bounds [0x000001d703fc0000, 0x000001d706980000, 0x000001d70b4f0000]
CodeHeap 'non-nmethods': size=5696Kb used=2401Kb max_used=2492Kb free=3294Kb
 bounds [0x000001d703a30000, 0x000001d703cc0000, 0x000001d703fc0000]
 total_blobs=19112 nmethods=18050 adapters=971
 compilation: enabled
              stopped_count=0, restarted_count=0
 full_count=0

Compilation events (20 events):
Event: 165.387 Thread 0x000001d718fb1800 19987       2       com.android.tools.r8.internal.z1::<init> (28 bytes)
Event: 165.388 Thread 0x000001d718fb1800 nmethod 19987 0x000001d704f06290 code [0x000001d704f06460, 0x000001d704f068c8]
Event: 165.397 Thread 0x000001d718fb1800 19989       2       com.android.tools.r8.internal.z1::a (389 bytes)
Event: 165.402 Thread 0x000001d718fb1800 nmethod 19989 0x000001d704f12990 code [0x000001d704f12d20, 0x000001d704f13d18]
Event: 165.402 Thread 0x000001d718fb1800 19990       2       com.android.tools.r8.graph.E$b$a::hashCode (16 bytes)
Event: 165.403 Thread 0x000001d718fb1800 nmethod 19990 0x000001d704eff490 code [0x000001d704eff640, 0x000001d704eff768]
Event: 165.403 Thread 0x000001d718fae800 nmethod 19139 0x000001d70c12e110 code [0x000001d70c12fb60, 0x000001d70c143438]
Event: 165.404 Thread 0x000001d718fae800 19866       4       com.android.tools.r8.internal.U6::a (148 bytes)
Event: 165.434 Thread 0x000001d718fae800 nmethod 19866 0x000001d70b6e9e10 code [0x000001d70b6e9fe0, 0x000001d70b6eab38]
Event: 165.434 Thread 0x000001d718fae800 19988       4       com.android.tools.r8.internal.Nv::a (270 bytes)
Event: 165.467 Thread 0x000001d718fb1800 19991       2       com.android.tools.r8.internal.d6::a (873 bytes)
Event: 165.476 Thread 0x000001d718fb1800 nmethod 19991 0x000001d705113090 code [0x000001d705113780, 0x000001d705117088]
Event: 165.488 Thread 0x000001d718fb1800 19992       2       com.android.tools.r8.ir.regalloc.a::g (12 bytes)
Event: 165.489 Thread 0x000001d718fb1800 nmethod 19992 0x000001d704eb3c10 code [0x000001d704eb3dc0, 0x000001d704eb3ee8]
Event: 165.691 Thread 0x000001d718fb1800 19995       2       com.android.tools.r8.ir.regalloc.a::a (24 bytes)
Event: 165.692 Thread 0x000001d718fb1800 nmethod 19995 0x000001d704f02110 code [0x000001d704f022e0, 0x000001d704f02478]
Event: 165.700 Thread 0x000001d718fb1800 19996       2       com.android.tools.r8.internal.QG::R (23 bytes)
Event: 165.700 Thread 0x000001d718fb1800 nmethod 19996 0x000001d704eb5110 code [0x000001d704eb52c0, 0x000001d704eb53d8]
Event: 165.713 Thread 0x000001d718fb1800 19997       2       com.android.tools.r8.internal.l2::a (205 bytes)
Event: 165.716 Thread 0x000001d718fb1800 nmethod 19997 0x000001d704f04e90 code [0x000001d704f05160, 0x000001d704f05b88]

GC Heap History (20 events):
Event: 159.640 GC heap before
{Heap before GC invocations=71 (full 0):
 garbage-first heap   total 227328K, used 177664K [0x00000000a0000000, 0x0000000100000000)
  region size 1024K, 72 young (73728K), 1 survivors (1024K)
 Metaspace       used 115345K, capacity 118260K, committed 118400K, reserved 1153024K
  class space    used 14358K, capacity 15420K, committed 15488K, reserved 1048576K
}
Event: 159.649 GC heap after
{Heap after GC invocations=72 (full 0):
 garbage-first heap   total 227328K, used 105976K [0x00000000a0000000, 0x0000000100000000)
  region size 1024K, 2 young (2048K), 2 survivors (2048K)
 Metaspace       used 115345K, capacity 118260K, committed 118400K, reserved 1153024K
  class space    used 14358K, capacity 15420K, committed 15488K, reserved 1048576K
}
Event: 160.262 GC heap before
{Heap before GC invocations=72 (full 0):
 garbage-first heap   total 227328K, used 179704K [0x00000000a0000000, 0x0000000100000000)
  region size 1024K, 74 young (75776K), 2 survivors (2048K)
 Metaspace       used 115391K, capacity 118331K, committed 118400K, reserved 1153024K
  class space    used 14362K, capacity 15421K, committed 15488K, reserved 1048576K
}
Event: 160.268 GC heap after
{Heap after GC invocations=73 (full 0):
 garbage-first heap   total 227328K, used 105679K [0x00000000a0000000, 0x0000000100000000)
  region size 1024K, 2 young (2048K), 2 survivors (2048K)
 Metaspace       used 115391K, capacity 118331K, committed 118400K, reserved 1153024K
  class space    used 14362K, capacity 15421K, committed 15488K, reserved 1048576K
}
Event: 160.960 GC heap before
{Heap before GC invocations=73 (full 0):
 garbage-first heap   total 227328K, used 181455K [0x00000000a0000000, 0x0000000100000000)
  region size 1024K, 76 young (77824K), 2 survivors (2048K)
 Metaspace       used 115410K, capacity 118334K, committed 118400K, reserved 1153024K
  class space    used 14362K, capacity 15422K, committed 15488K, reserved 1048576K
}
Event: 160.969 GC heap after
{Heap after GC invocations=74 (full 0):
 garbage-first heap   total 227328K, used 107585K [0x00000000a0000000, 0x0000000100000000)
  region size 1024K, 4 young (4096K), 4 survivors (4096K)
 Metaspace       used 115410K, capacity 118334K, committed 118400K, reserved 1153024K
  class space    used 14362K, capacity 15422K, committed 15488K, reserved 1048576K
}
Event: 161.532 GC heap before
{Heap before GC invocations=74 (full 0):
 garbage-first heap   total 227328K, used 185409K [0x00000000a0000000, 0x0000000100000000)
  region size 1024K, 80 young (81920K), 4 survivors (4096K)
 Metaspace       used 115441K, capacity 118337K, committed 118656K, reserved 1153024K
  class space    used 14365K, capacity 15423K, committed 15488K, reserved 1048576K
}
Event: 161.543 GC heap after
{Heap after GC invocations=75 (full 0):
 garbage-first heap   total 227328K, used 108027K [0x00000000a0000000, 0x0000000100000000)
  region size 1024K, 4 young (4096K), 4 survivors (4096K)
 Metaspace       used 115441K, capacity 118337K, committed 118656K, reserved 1153024K
  class space    used 14365K, capacity 15423K, committed 15488K, reserved 1048576K
}
Event: 162.112 GC heap before
{Heap before GC invocations=75 (full 0):
 garbage-first heap   total 227328K, used 188923K [0x00000000a0000000, 0x0000000100000000)
  region size 1024K, 83 young (84992K), 4 survivors (4096K)
 Metaspace       used 115458K, capacity 118403K, committed 118656K, reserved 1153024K
  class space    used 14365K, capacity 15423K, committed 15488K, reserved 1048576K
}
Event: 162.122 GC heap after
{Heap after GC invocations=76 (full 0):
 garbage-first heap   total 227328K, used 108167K [0x00000000a0000000, 0x0000000100000000)
  region size 1024K, 4 young (4096K), 4 survivors (4096K)
 Metaspace       used 115458K, capacity 118403K, committed 118656K, reserved 1153024K
  class space    used 14365K, capacity 15423K, committed 15488K, reserved 1048576K
}
Event: 162.707 GC heap before
{Heap before GC invocations=76 (full 0):
 garbage-first heap   total 227328K, used 189063K [0x00000000a0000000, 0x0000000100000000)
  region size 1024K, 83 young (84992K), 4 survivors (4096K)
 Metaspace       used 115490K, capacity 118413K, committed 118656K, reserved 1153024K
  class space    used 14368K, capacity 15426K, committed 15488K, reserved 1048576K
}
Event: 162.722 GC heap after
{Heap after GC invocations=77 (full 0):
 garbage-first heap   total 227328K, used 108367K [0x00000000a0000000, 0x0000000100000000)
  region size 1024K, 4 young (4096K), 4 survivors (4096K)
 Metaspace       used 115490K, capacity 118413K, committed 118656K, reserved 1153024K
  class space    used 14368K, capacity 15426K, committed 15488K, reserved 1048576K
}
Event: 163.489 GC heap before
{Heap before GC invocations=77 (full 0):
 garbage-first heap   total 227328K, used 190287K [0x00000000a0000000, 0x0000000100000000)
  region size 1024K, 84 young (86016K), 4 survivors (4096K)
 Metaspace       used 115824K, capacity 118788K, committed 119040K, reserved 1153024K
  class space    used 14417K, capacity 15504K, committed 15616K, reserved 1048576K
}
Event: 163.503 GC heap after
{Heap after GC invocations=78 (full 0):
 garbage-first heap   total 227328K, used 108916K [0x00000000a0000000, 0x0000000100000000)
  region size 1024K, 5 young (5120K), 5 survivors (5120K)
 Metaspace       used 115824K, capacity 118788K, committed 119040K, reserved 1153024K
  class space    used 14417K, capacity 15504K, committed 15616K, reserved 1048576K
}
Event: 164.384 GC heap before
{Heap before GC invocations=78 (full 0):
 garbage-first heap   total 227328K, used 190836K [0x00000000a0000000, 0x0000000100000000)
  region size 1024K, 85 young (87040K), 5 survivors (5120K)
 Metaspace       used 115999K, capacity 118981K, committed 119296K, reserved 1153024K
  class space    used 14424K, capacity 15515K, committed 15616K, reserved 1048576K
}
Event: 164.402 GC heap after
{Heap after GC invocations=79 (full 0):
 garbage-first heap   total 227328K, used 114410K [0x00000000a0000000, 0x0000000100000000)
  region size 1024K, 10 young (10240K), 10 survivors (10240K)
 Metaspace       used 115999K, capacity 118981K, committed 119296K, reserved 1153024K
  class space    used 14424K, capacity 15515K, committed 15616K, reserved 1048576K
}
Event: 165.134 GC heap before
{Heap before GC invocations=79 (full 0):
 garbage-first heap   total 227328K, used 191210K [0x00000000a0000000, 0x0000000100000000)
  region size 1024K, 85 young (87040K), 10 survivors (10240K)
 Metaspace       used 116130K, capacity 119087K, committed 119296K, reserved 1153024K
  class space    used 14424K, capacity 15515K, committed 15616K, reserved 1048576K
}
Event: 165.157 GC heap after
{Heap after GC invocations=80 (full 0):
 garbage-first heap   total 227328K, used 118509K [0x00000000a0000000, 0x0000000100000000)
  region size 1024K, 8 young (8192K), 8 survivors (8192K)
 Metaspace       used 116130K, capacity 119087K, committed 119296K, reserved 1153024K
  class space    used 14424K, capacity 15515K, committed 15616K, reserved 1048576K
}
Event: 165.600 GC heap before
{Heap before GC invocations=80 (full 0):
 garbage-first heap   total 227328K, used 188141K [0x00000000a0000000, 0x0000000100000000)
  region size 1024K, 77 young (78848K), 8 survivors (8192K)
 Metaspace       used 116149K, capacity 119152K, committed 119296K, reserved 1153024K
  class space    used 14424K, capacity 15515K, committed 15616K, reserved 1048576K
}
Event: 165.678 GC heap after
{Heap after GC invocations=81 (full 0):
 garbage-first heap   total 273408K, used 121372K [0x00000000a0000000, 0x0000000100000000)
  region size 1024K, 6 young (6144K), 6 survivors (6144K)
 Metaspace       used 116149K, capacity 119152K, committed 119296K, reserved 1153024K
  class space    used 14424K, capacity 15515K, committed 15616K, reserved 1048576K
}

Deoptimization events (20 events):
Event: 165.284 Thread 0x000001d71bd23000 DEOPT PACKING pc=0x000001d70687361b sp=0x000000b32d2fa8e0
Event: 165.284 Thread 0x000001d71bd23000 DEOPT UNPACKING pc=0x000001d703a576ce sp=0x000000b32d2f9e10 mode 0
Event: 165.330 Thread 0x000001d71bd26800 DEOPT PACKING pc=0x000001d70639d85c sp=0x000000b32dcf90d0
Event: 165.330 Thread 0x000001d71bd26800 DEOPT UNPACKING pc=0x000001d703a576ce sp=0x000000b32dcf8708 mode 0
Event: 165.359 Thread 0x000001d71bd23000 DEOPT PACKING pc=0x000001d70687361b sp=0x000000b32d2fa8e0
Event: 165.359 Thread 0x000001d71bd23000 DEOPT UNPACKING pc=0x000001d703a576ce sp=0x000000b32d2f9e10 mode 0
Event: 165.393 Thread 0x000001d71bd26800 DEOPT PACKING pc=0x000001d706361f02 sp=0x000000b32dcf9a90
Event: 165.393 Thread 0x000001d71bd26800 DEOPT UNPACKING pc=0x000001d703a576ce sp=0x000000b32dcf9040 mode 0
Event: 165.395 Thread 0x000001d71c5f5000 DEOPT PACKING pc=0x000001d7064aa8c1 sp=0x000000b32c5f2ce0
Event: 165.395 Thread 0x000001d71c5f5000 DEOPT UNPACKING pc=0x000001d703a576ce sp=0x000000b32c5f24a0 mode 0
Event: 165.461 Thread 0x000001d71bd23000 DEOPT PACKING pc=0x000001d70687361b sp=0x000000b32d2fa760
Event: 165.461 Thread 0x000001d71bd23000 DEOPT UNPACKING pc=0x000001d703a576ce sp=0x000000b32d2f9c90 mode 0
Event: 165.462 Thread 0x000001d71bd23000 DEOPT PACKING pc=0x000001d7068dc5f0 sp=0x000000b32d2f9eb0
Event: 165.462 Thread 0x000001d71bd23000 DEOPT UNPACKING pc=0x000001d703a576ce sp=0x000000b32d2f9640 mode 0
Event: 165.477 Thread 0x000001d71bd23000 DEOPT PACKING pc=0x000001d7068dc5f0 sp=0x000000b32d2f9eb0
Event: 165.477 Thread 0x000001d71bd23000 DEOPT UNPACKING pc=0x000001d703a576ce sp=0x000000b32d2f9640 mode 0
Event: 165.496 Thread 0x000001d71c5f5000 DEOPT PACKING pc=0x000001d70639d85c sp=0x000000b32c5f2c70
Event: 165.496 Thread 0x000001d71c5f5000 DEOPT UNPACKING pc=0x000001d703a576ce sp=0x000000b32c5f22a8 mode 0
Event: 165.574 Thread 0x000001d71bd23000 DEOPT PACKING pc=0x000001d70687361b sp=0x000000b32d2fa550
Event: 165.574 Thread 0x000001d71bd23000 DEOPT UNPACKING pc=0x000001d703a576ce sp=0x000000b32d2f9a80 mode 0

Classes redefined (0 events):
No events

Internal exceptions (20 events):
Event: 156.537 Thread 0x000001d71bd26800 Exception <a 'sun/nio/fs/WindowsException'{0x00000000aad465f0}> (0x00000000aad465f0) thrown at [./src/hotspot/share/prims/jni.cpp, line 615]
Event: 157.265 Thread 0x000001d71bd26800 Exception <a 'sun/nio/fs/WindowsException'{0x00000000ab65ceb0}> (0x00000000ab65ceb0) thrown at [./src/hotspot/share/prims/jni.cpp, line 615]
Event: 157.399 Thread 0x000001d71bd23000 Exception <a 'sun/nio/fs/WindowsException'{0x00000000aaa759b8}> (0x00000000aaa759b8) thrown at [./src/hotspot/share/prims/jni.cpp, line 615]
Event: 158.092 Thread 0x000001d71bd23000 Exception <a 'java/lang/NoSuchMethodError'{0x00000000ab0d9c48}: 'java.lang.Object java.lang.invoke.DirectMethodHandle$Holder.invokeSpecial(java.lang.Object, java.lang.Object, java.lang.Object, java.lang.Object, java.lang.Object, java.lang.Object, java.lang.Object, java.lang.Object, java.lang.Object, java.lang.Object, java.lang.Object)'> (0x00000000ab0d9c48) thrown at [./src/hotspot/share/interpreter/linkResolver.cpp, line 773]
Event: 158.093 Thread 0x000001d71bd23000 Exception <a 'java/lang/NoSuchMethodError'{0x00000000ab0e54f8}: 'java.lang.Object java.lang.invoke.Invokers$Holder.linkToTargetMethod(java.lang.Object, java.lang.Object, java.lang.Object, java.lang.Object, java.lang.Object, java.lang.Object, java.lang.Object, java.lang.Object, java.lang.Object, java.lang.Object)'> (0x00000000ab0e54f8) thrown at [./src/hotspot/share/interpreter/linkResolver.cpp, line 773]
Event: 158.169 Thread 0x000001d71bd23000 Exception <a 'java/lang/IncompatibleClassChangeError'{0x00000000aae94bb0}: Found class java.lang.Object, but interface was expected> (0x00000000aae94bb0) thrown at [./src/hotspot/share/interpreter/linkResolver.cpp, line 839]
Event: 159.006 Thread 0x000001d71bd26800 Exception <a 'sun/nio/fs/WindowsException'{0x00000000ad473528}> (0x00000000ad473528) thrown at [./src/hotspot/share/prims/jni.cpp, line 615]
Event: 159.562 Thread 0x000001d71bd26800 Exception <a 'sun/nio/fs/WindowsException'{0x00000000a9bf0008}> (0x00000000a9bf0008) thrown at [./src/hotspot/share/prims/jni.cpp, line 615]
Event: 160.053 Thread 0x000001d71bd26800 Exception <a 'sun/nio/fs/WindowsException'{0x00000000ab1d8788}> (0x00000000ab1d8788) thrown at [./src/hotspot/share/prims/jni.cpp, line 615]
Event: 160.160 Thread 0x000001d71bd26800 Exception <a 'sun/nio/fs/WindowsException'{0x00000000aa177c10}> (0x00000000aa177c10) thrown at [./src/hotspot/share/prims/jni.cpp, line 615]
Event: 160.219 Thread 0x000001d71bd24800 Implicit null exception at 0x000001d70c0d50e7 to 0x000001d70c0d8450
Event: 160.559 Thread 0x000001d71bd26800 Exception <a 'sun/nio/fs/WindowsException'{0x00000000abb81ad8}> (0x00000000abb81ad8) thrown at [./src/hotspot/share/prims/jni.cpp, line 615]
Event: 160.669 Thread 0x000001d71bd26800 Exception <a 'sun/nio/fs/WindowsException'{0x00000000ab804618}> (0x00000000ab804618) thrown at [./src/hotspot/share/prims/jni.cpp, line 615]
Event: 160.778 Thread 0x000001d71bd26800 Exception <a 'sun/nio/fs/WindowsException'{0x00000000aa68b330}> (0x00000000aa68b330) thrown at [./src/hotspot/share/prims/jni.cpp, line 615]
Event: 162.999 Thread 0x000001d71bd23000 Implicit null exception at 0x000001d70bf17def to 0x000001d70bf17f30
Event: 163.598 Thread 0x000001d71bd26800 Exception <a 'sun/nio/fs/WindowsException'{0x00000000ad32e0b8}> (0x00000000ad32e0b8) thrown at [./src/hotspot/share/prims/jni.cpp, line 615]
Event: 163.925 Thread 0x000001d71bd23000 Exception <a 'sun/nio/fs/WindowsException'{0x00000000ab72f930}> (0x00000000ab72f930) thrown at [./src/hotspot/share/prims/jni.cpp, line 615]
Event: 164.275 Thread 0x000001d71bd26800 Exception <a 'sun/nio/fs/WindowsException'{0x00000000a97c3b80}> (0x00000000a97c3b80) thrown at [./src/hotspot/share/prims/jni.cpp, line 615]
Event: 164.594 Thread 0x000001d71bd23000 Exception <a 'sun/nio/fs/WindowsException'{0x00000000ac44ee50}> (0x00000000ac44ee50) thrown at [./src/hotspot/share/prims/jni.cpp, line 615]
Event: 165.097 Thread 0x000001d71bd24800 Exception <a 'sun/nio/fs/WindowsException'{0x00000000a96d2378}> (0x00000000a96d2378) thrown at [./src/hotspot/share/prims/jni.cpp, line 615]

Events (20 events):
Event: 163.562 loading class com/android/tools/r8/graph/G$j
Event: 163.562 loading class com/android/tools/r8/graph/G$j done
Event: 163.562 loading class com/android/tools/r8/graph/G$j
Event: 163.562 loading class com/android/tools/r8/graph/G$j done
Event: 163.562 loading class com/android/tools/r8/graph/G$j
Event: 163.562 loading class com/android/tools/r8/graph/G$j done
Event: 163.562 loading class com/android/tools/r8/graph/G$j
Event: 163.562 loading class com/android/tools/r8/graph/G$j done
Event: 163.562 loading class com/android/tools/r8/graph/G$j
Event: 163.562 loading class com/android/tools/r8/graph/G$j done
Event: 163.563 loading class com/android/tools/r8/internal/m4
Event: 163.563 loading class com/android/tools/r8/internal/m4 done
Event: 163.958 Executing VM operation: ICBufferFull
Event: 163.960 Executing VM operation: ICBufferFull done
Event: 164.335 Executing VM operation: G1CollectForAllocation
Event: 164.402 Executing VM operation: G1CollectForAllocation done
Event: 165.118 Executing VM operation: G1CollectForAllocation
Event: 165.157 Executing VM operation: G1CollectForAllocation done
Event: 165.597 Executing VM operation: G1CollectForAllocation
Event: 165.678 Executing VM operation: G1CollectForAllocation done


Dynamic libraries:
0x00007ff6be0b0000 - 0x00007ff6be0ba000 	C:\Program Files\Android\Android Studio\jre\bin\java.exe
0x00007ffab18b0000 - 0x00007ffab1aa5000 	C:\windows\SYSTEM32\ntdll.dll
0x00007ffab0be0000 - 0x00007ffab0c9d000 	C:\windows\System32\KERNEL32.DLL
0x00007ffaaeff0000 - 0x00007ffaaf2b8000 	C:\windows\System32\KERNELBASE.dll
0x00007ffaaf4d0000 - 0x00007ffaaf5d0000 	C:\windows\System32\ucrtbase.dll
0x00007ffa814c0000 - 0x00007ffa814d9000 	C:\Program Files\Android\Android Studio\jre\bin\jli.dll
0x00007ffaaf950000 - 0x00007ffaafaf0000 	C:\windows\System32\USER32.dll
0x00007ffaaf3b0000 - 0x00007ffaaf3d2000 	C:\windows\System32\win32u.dll
0x00007ffab0bb0000 - 0x00007ffab0bda000 	C:\windows\System32\GDI32.dll
0x00007ffaaf6b0000 - 0x00007ffaaf7bb000 	C:\windows\System32\gdi32full.dll
0x00007ffaaf430000 - 0x00007ffaaf4cd000 	C:\windows\System32\msvcp_win.dll
0x00007ffa80ab0000 - 0x00007ffa80ac7000 	C:\Program Files\Android\Android Studio\jre\bin\VCRUNTIME140.dll
0x00007ffa96c10000 - 0x00007ffa96eaa000 	C:\windows\WinSxS\amd64_microsoft.windows.common-controls_6595b64144ccf1df_6.0.19041.1052_none_60b8f8fd71f5e8cb\COMCTL32.dll
0x00007ffab03d0000 - 0x00007ffab046e000 	C:\windows\System32\msvcrt.dll
0x00007ffaaf920000 - 0x00007ffaaf950000 	C:\windows\System32\IMM32.DLL
0x00007ffa7db00000 - 0x00007ffa7db9d000 	C:\Program Files\Android\Android Studio\jre\bin\msvcp140.dll
0x00007ffa50860000 - 0x00007ffa5132f000 	C:\Program Files\Android\Android Studio\jre\bin\server\jvm.dll
0x00007ffab0eb0000 - 0x00007ffab0f5c000 	C:\windows\System32\ADVAPI32.dll
0x00007ffab17d0000 - 0x00007ffab186b000 	C:\windows\System32\sechost.dll
0x00007ffab0d80000 - 0x00007ffab0eab000 	C:\windows\System32\RPCRT4.dll
0x00007ffab0a70000 - 0x00007ffab0a78000 	C:\windows\System32\PSAPI.DLL
0x00007ffa9b120000 - 0x00007ffa9b129000 	C:\windows\SYSTEM32\WSOCK32.dll
0x00007ffab0a00000 - 0x00007ffab0a6b000 	C:\windows\System32\WS2_32.dll
0x00007ffa9c370000 - 0x00007ffa9c397000 	C:\windows\SYSTEM32\WINMM.dll
0x00007ffaa6730000 - 0x00007ffaa673a000 	C:\windows\SYSTEM32\VERSION.dll
0x00007ffaad8f0000 - 0x00007ffaad902000 	C:\windows\SYSTEM32\kernel.appcore.dll
0x00007ffaa8f00000 - 0x00007ffaa8f11000 	C:\Program Files\Android\Android Studio\jre\bin\verify.dll
0x00007ffaaccb0000 - 0x00007ffaace94000 	C:\windows\SYSTEM32\DBGHELP.DLL
0x00007ffa99f00000 - 0x00007ffa99f2c000 	C:\windows\SYSTEM32\dbgcore.DLL
0x00007ffaaf2c0000 - 0x00007ffaaf343000 	C:\windows\System32\bcryptPrimitives.dll
0x00007ffaa8470000 - 0x00007ffaa8499000 	C:\Program Files\Android\Android Studio\jre\bin\java.dll
0x00007ffaa71e0000 - 0x00007ffaa71eb000 	C:\Program Files\Android\Android Studio\jre\bin\jimage.dll
0x00007ffaa71c0000 - 0x00007ffaa71d8000 	C:\Program Files\Android\Android Studio\jre\bin\zip.dll
0x00007ffab0f70000 - 0x00007ffab16af000 	C:\windows\System32\SHELL32.dll
0x00007ffaacfd0000 - 0x00007ffaad760000 	C:\windows\SYSTEM32\windows.storage.dll
0x00007ffab0620000 - 0x00007ffab0975000 	C:\windows\System32\combase.dll
0x00007ffaae9f0000 - 0x00007ffaaea1c000 	C:\windows\SYSTEM32\Wldp.dll
0x00007ffab01b0000 - 0x00007ffab025e000 	C:\windows\System32\SHCORE.dll
0x00007ffab0260000 - 0x00007ffab02b5000 	C:\windows\System32\shlwapi.dll
0x00007ffaaef30000 - 0x00007ffaaef4f000 	C:\windows\SYSTEM32\profapi.dll
0x00007ffa9a3d0000 - 0x00007ffa9a3ea000 	C:\Program Files\Android\Android Studio\jre\bin\net.dll
0x00007ffaae020000 - 0x00007ffaae12b000 	C:\windows\SYSTEM32\WINHTTP.dll
0x00007ffaae700000 - 0x00007ffaae76a000 	C:\windows\system32\mswsock.dll
0x00007ffa9a3b0000 - 0x00007ffa9a3c4000 	C:\Program Files\Android\Android Studio\jre\bin\nio.dll
0x00007ffa92a80000 - 0x00007ffa92aa7000 	C:\Users\4022724\.gradle\native\8bec1ad78214c89d9ad589b4d07fe93259594b29d510b10fafb7a158f7737e5d\windows-amd64\native-platform.dll
0x00007ffa88700000 - 0x00007ffa8883d000 	C:\Users\4022724\.gradle\native\53dbd7edfb1c66fb8903c78663c9afc45aea4f116125fa6feffd364cf09443e8\windows-amd64\native-platform-file-events.dll
0x00007ffa99b20000 - 0x00007ffa99b2a000 	C:\Program Files\Android\Android Studio\jre\bin\management.dll
0x00007ffa99b10000 - 0x00007ffa99b1c000 	C:\Program Files\Android\Android Studio\jre\bin\management_ext.dll
0x00007ffaae8e0000 - 0x00007ffaae8f8000 	C:\windows\SYSTEM32\CRYPTSP.dll
0x00007ffaadf90000 - 0x00007ffaadfc4000 	C:\windows\system32\rsaenh.dll
0x00007ffaaf680000 - 0x00007ffaaf6a7000 	C:\windows\System32\bcrypt.dll
0x00007ffaaeef0000 - 0x00007ffaaef1e000 	C:\windows\SYSTEM32\USERENV.dll
0x00007ffaae8d0000 - 0x00007ffaae8dc000 	C:\windows\SYSTEM32\CRYPTBASE.dll
0x00007ffaae3f0000 - 0x00007ffaae42b000 	C:\windows\SYSTEM32\IPHLPAPI.DLL
0x00007ffab0f60000 - 0x00007ffab0f68000 	C:\windows\System32\NSI.dll
0x00007ffaa87a0000 - 0x00007ffaa87b7000 	C:\windows\SYSTEM32\dhcpcsvc6.DLL
0x00007ffaa8740000 - 0x00007ffaa875d000 	C:\windows\SYSTEM32\dhcpcsvc.DLL
0x00007ffaae430000 - 0x00007ffaae4fc000 	C:\windows\SYSTEM32\DNSAPI.dll
0x00007ffa81570000 - 0x00007ffa81597000 	C:\Program Files\Android\Android Studio\jre\bin\sunec.dll
0x0000000074780000 - 0x000000007478b000 	C:\Program Files\National Instruments\Shared\mDNS Responder\nimdnsNSP.dll
0x0000000074760000 - 0x0000000074771000 	C:\windows\SYSTEM32\nimdnsResponder.dll
0x00007ffaa6a40000 - 0x00007ffaa6a4a000 	C:\Windows\System32\rasadhlp.dll
0x00007ffaa9a50000 - 0x00007ffaa9acf000 	C:\windows\System32\fwpuclnt.dll
0x00007ffa817b0000 - 0x00007ffa81954000 	C:\Program Files\Android\Android Studio\jre\bin\awt.dll
0x00007ffaafc10000 - 0x00007ffaafcdd000 	C:\windows\System32\OLEAUT32.dll
0x00007ffaac6c0000 - 0x00007ffaac6ef000 	C:\windows\SYSTEM32\dwmapi.dll
0x00007ffaac220000 - 0x00007ffaac2b0000 	C:\windows\SYSTEM32\apphelp.dll
0x00007ffaac4f0000 - 0x00007ffaac58e000 	C:\windows\system32\uxtheme.dll

dbghelp: loaded successfully - version: 4.0.5 - missing functions: none
symbol engine: initialized successfully - sym options: 0x614 - pdb path: .;C:\Program Files\Android\Android Studio\jre\bin;C:\windows\SYSTEM32;C:\windows\WinSxS\amd64_microsoft.windows.common-controls_6595b64144ccf1df_6.0.19041.1052_none_60b8f8fd71f5e8cb;C:\Program Files\Android\Android Studio\jre\bin\server;C:\Users\4022724\.gradle\native\8bec1ad78214c89d9ad589b4d07fe93259594b29d510b10fafb7a158f7737e5d\windows-amd64;C:\Users\4022724\.gradle\native\53dbd7edfb1c66fb8903c78663c9afc45aea4f116125fa6feffd364cf09443e8\windows-amd64;C:\Program Files\National Instruments\Shared\mDNS Responder

VM Arguments:
jvm_args: --add-opens=java.base/java.util=ALL-UNNAMED --add-opens=java.base/java.lang=ALL-UNNAMED --add-opens=java.base/java.lang.invoke=ALL-UNNAMED --add-opens=java.base/java.util=ALL-UNNAMED --add-opens=java.prefs/java.util.prefs=ALL-UNNAMED --add-opens=java.prefs/java.util.prefs=ALL-UNNAMED --add-opens=java.base/java.nio.charset=ALL-UNNAMED --add-opens=java.base/java.net=ALL-UNNAMED --add-opens=java.base/java.util.concurrent.atomic=ALL-UNNAMED -Xmx1536m -Dfile.encoding=windows-1252 -Duser.country=US -Duser.language=en -Duser.variant 
java_command: org.gradle.launcher.daemon.bootstrap.GradleDaemon 7.0.2
java_class_path (initial): C:\Users\4022724\.gradle\wrapper\dists\gradle-7.0.2-all\7era6s5ay7zsbhuvl0oc9g94s\gradle-7.0.2\lib\gradle-launcher-7.0.2.jar
Launcher Type: SUN_STANDARD

[Global flags]
     intx CICompilerCount                          = 3                                         {product} {ergonomic}
     uint ConcGCThreads                            = 1                                         {product} {ergonomic}
     uint G1ConcRefinementThreads                  = 4                                         {product} {ergonomic}
   size_t G1HeapRegionSize                         = 1048576                                   {product} {ergonomic}
    uintx GCDrainStackTargetSize                   = 64                                        {product} {ergonomic}
   size_t InitialHeapSize                          = 134217728                                 {product} {ergonomic}
   size_t MarkStackSize                            = 4194304                                   {product} {ergonomic}
   size_t MaxHeapSize                              = 1610612736                                {product} {command line}
   size_t MaxNewSize                               = 965738496                                 {product} {ergonomic}
   size_t MinHeapDeltaBytes                        = 1048576                                   {product} {ergonomic}
    uintx NonNMethodCodeHeapSize                   = 5830732                                {pd product} {ergonomic}
    uintx NonProfiledCodeHeapSize                  = 122913754                              {pd product} {ergonomic}
    uintx ProfiledCodeHeapSize                     = 122913754                              {pd product} {ergonomic}
    uintx ReservedCodeCacheSize                    = 251658240                              {pd product} {ergonomic}
     bool SegmentedCodeCache                       = true                                      {product} {ergonomic}
     bool UseCompressedClassPointers               = true                                 {lp64_product} {ergonomic}
     bool UseCompressedOops                        = true                                 {lp64_product} {ergonomic}
     bool UseG1GC                                  = true                                      {product} {ergonomic}
     bool UseLargePagesIndividualAllocation        = false                                  {pd product} {ergonomic}

Logging:
Log output configuration:
 #0: stdout all=warning uptime,level,tags
 #1: stderr all=off uptime,level,tags

Environment Variables:
PATH=C:\Program Files\National Instruments\Shared\OpenVINO\;C:\Program Files\Common Files\Oracle\Java\javapath;C:\Program Files\Python39\Scripts\;C:\Program Files\Python39\;C:\Program Files (x86)\Common Files\Oracle\Java\javapath;C:\windows\system32;C:\windows;C:\windows\System32\Wbem;C:\windows\System32\WindowsPowerShell\v1.0\;C:\windows\System32\OpenSSH\;C:\Program Files\Microsoft SQL Server\120\Tools\Binn\;C:\Program Files\dotnet\;C:\Program Files\Common Files\Autodesk Shared\;C:\Program Files (x86)\Intel\Intel(R) Management Engine Components\DAL;C:\Program Files\Intel\Intel(R) Management Engine Components\DAL;C:\Users\4022724\AppData\Local\Microsoft\WindowsApps;C:\Users\4022724\AppData\Local\Programs\Microsoft VS Code\bin;C:\Users\4022724\AppData\Local\Programs\Git\cmd
USERNAME=4022724
OS=Windows_NT
PROCESSOR_IDENTIFIER=Intel64 Family 6 Model 142 Stepping 9, GenuineIntel



---------------  S Y S T E M  ---------------

OS: Windows 10 , 64 bit Build 19041 (10.0.19041.1023)
OS uptime: 0 days 0:24 hours

CPU:total 4 (initial active 4) (2 cores per cpu, 2 threads per core) family 6 model 142 stepping 9 microcode 0xea, cmov, cx8, fxsr, mmx, sse, sse2, sse3, ssse3, sse4.1, sse4.2, popcnt, avx, avx2, aes, clmul, erms, 3dnowpref, lzcnt, ht, tsc, tscinvbit, bmi1, bmi2, adx, fma

Memory: 4k page, system-wide physical 8083M (383M free)
TotalPageFile size 10304M (AvailPageFile size 7M)
current process WorkingSet (physical memory assigned to process): 572M, peak: 572M
current process commit charge ("private bytes"): 708M, peak: 710M

vm_info: OpenJDK 64-Bit Server VM (11.0.10+0-b96-7249189) for windows-amd64 JRE (11.0.10+0-b96-7249189), built on Mar 31 2021 21:44:00 by "builder" with MS VC++ 14.0 (VS2015)

END.
